[debug] [2024-05-31T08:38:09.181Z] ----------------------------------------------------------------------
[debug] [2024-05-31T08:38:09.183Z] Command:       C:\Program Files\nodejs\node.exe C:\Users\User\AppData\Roaming\npm\node_modules\firebase-tools\lib\bin\firebase.js deploy --only functions
[debug] [2024-05-31T08:38:09.184Z] CLI Version:   13.10.2
[debug] [2024-05-31T08:38:09.184Z] Platform:      win32
[debug] [2024-05-31T08:38:09.184Z] Node Version:  v20.13.1
[debug] [2024-05-31T08:38:09.184Z] Time:          Fri May 31 2024 10:38:09 GMT+0200 (Центральная Европа, летнее время)
[debug] [2024-05-31T08:38:09.184Z] ----------------------------------------------------------------------
[debug] 
[debug] [2024-05-31T08:38:09.241Z] > command requires scopes: ["email","openid","https://www.googleapis.com/auth/cloudplatformprojects.readonly","https://www.googleapis.com/auth/firebase","https://www.googleapis.com/auth/cloud-platform"]
[debug] [2024-05-31T08:38:09.241Z] > authorizing via signed-in user (makhinko180601@gmail.com)
[debug] [2024-05-31T08:38:09.242Z] [iam] checking project troodbdm for permissions ["cloudfunctions.functions.create","cloudfunctions.functions.delete","cloudfunctions.functions.get","cloudfunctions.functions.list","cloudfunctions.functions.update","cloudfunctions.operations.get","firebase.projects.get"]
[debug] [2024-05-31T08:38:09.243Z] > refreshing access token with scopes: []
[debug] [2024-05-31T08:38:09.244Z] >>> [apiv2][query] POST https://www.googleapis.com/oauth2/v3/token [none]
[debug] [2024-05-31T08:38:09.244Z] >>> [apiv2][body] POST https://www.googleapis.com/oauth2/v3/token [omitted]
[debug] [2024-05-31T08:38:09.402Z] <<< [apiv2][status] POST https://www.googleapis.com/oauth2/v3/token 200
[debug] [2024-05-31T08:38:09.402Z] <<< [apiv2][body] POST https://www.googleapis.com/oauth2/v3/token [omitted]
[debug] [2024-05-31T08:38:09.408Z] >>> [apiv2][query] POST https://cloudresourcemanager.googleapis.com/v1/projects/troodbdm:testIamPermissions [none]
[debug] [2024-05-31T08:38:09.409Z] >>> [apiv2][(partial)header] POST https://cloudresourcemanager.googleapis.com/v1/projects/troodbdm:testIamPermissions x-goog-quota-user=projects/troodbdm
[debug] [2024-05-31T08:38:09.409Z] >>> [apiv2][body] POST https://cloudresourcemanager.googleapis.com/v1/projects/troodbdm:testIamPermissions {"permissions":["cloudfunctions.functions.create","cloudfunctions.functions.delete","cloudfunctions.functions.get","cloudfunctions.functions.list","cloudfunctions.functions.update","cloudfunctions.operations.get","firebase.projects.get"]}
[debug] [2024-05-31T08:38:10.155Z] <<< [apiv2][status] POST https://cloudresourcemanager.googleapis.com/v1/projects/troodbdm:testIamPermissions 200
[debug] [2024-05-31T08:38:10.155Z] <<< [apiv2][body] POST https://cloudresourcemanager.googleapis.com/v1/projects/troodbdm:testIamPermissions {"permissions":["cloudfunctions.functions.create","cloudfunctions.functions.delete","cloudfunctions.functions.get","cloudfunctions.functions.list","cloudfunctions.functions.update","cloudfunctions.operations.get","firebase.projects.get"]}
[debug] [2024-05-31T08:38:10.155Z] >>> [apiv2][query] POST https://iam.googleapis.com/v1/projects/troodbdm/serviceAccounts/troodbdm@appspot.gserviceaccount.com:testIamPermissions [none]
[debug] [2024-05-31T08:38:10.155Z] >>> [apiv2][body] POST https://iam.googleapis.com/v1/projects/troodbdm/serviceAccounts/troodbdm@appspot.gserviceaccount.com:testIamPermissions {"permissions":["iam.serviceAccounts.actAs"]}
[debug] [2024-05-31T08:38:10.887Z] <<< [apiv2][status] POST https://iam.googleapis.com/v1/projects/troodbdm/serviceAccounts/troodbdm@appspot.gserviceaccount.com:testIamPermissions 200
[debug] [2024-05-31T08:38:10.887Z] <<< [apiv2][body] POST https://iam.googleapis.com/v1/projects/troodbdm/serviceAccounts/troodbdm@appspot.gserviceaccount.com:testIamPermissions {"permissions":["iam.serviceAccounts.actAs"]}
[info] 
[info] === Deploying to 'troodbdm'...
[info] 
[info] i  deploying functions 
[info] Running command: npm run lint
[info] +  functions: Finished running predeploy script. 
[debug] [2024-05-31T08:38:13.524Z] >>> [apiv2][query] GET https://firebase.googleapis.com/v1beta1/projects/troodbdm [none]
[debug] [2024-05-31T08:38:13.790Z] <<< [apiv2][status] GET https://firebase.googleapis.com/v1beta1/projects/troodbdm 200
[debug] [2024-05-31T08:38:13.790Z] <<< [apiv2][body] GET https://firebase.googleapis.com/v1beta1/projects/troodbdm {"projectId":"troodbdm","projectNumber":"76284643143","displayName":"TroodBDM","name":"projects/troodbdm","resources":{"hostingSite":"troodbdm","realtimeDatabaseInstance":"troodbdm-default-rtdb","storageBucket":"troodbdm.appspot.com","locationId":"us-central"},"state":"ACTIVE","etag":"1_21e63d12-59f0-4fd7-bf7d-ea09837ede5a"}
[info] i  functions: preparing codebase default for deployment 
[info] i  functions: ensuring required API cloudfunctions.googleapis.com is enabled... 
[info] i  functions: ensuring required API cloudbuild.googleapis.com is enabled... 
[info] i  artifactregistry: ensuring required API artifactregistry.googleapis.com is enabled... 
[debug] [2024-05-31T08:38:13.792Z] >>> [apiv2][query] GET https://serviceusage.googleapis.com/v1/projects/troodbdm/services/cloudfunctions.googleapis.com [none]
[debug] [2024-05-31T08:38:13.792Z] >>> [apiv2][(partial)header] GET https://serviceusage.googleapis.com/v1/projects/troodbdm/services/cloudfunctions.googleapis.com x-goog-quota-user=projects/troodbdm
[debug] [2024-05-31T08:38:13.793Z] >>> [apiv2][query] GET https://serviceusage.googleapis.com/v1/projects/troodbdm/services/runtimeconfig.googleapis.com [none]
[debug] [2024-05-31T08:38:13.793Z] >>> [apiv2][(partial)header] GET https://serviceusage.googleapis.com/v1/projects/troodbdm/services/runtimeconfig.googleapis.com x-goog-quota-user=projects/troodbdm
[debug] [2024-05-31T08:38:13.794Z] >>> [apiv2][query] GET https://serviceusage.googleapis.com/v1/projects/troodbdm/services/cloudbuild.googleapis.com [none]
[debug] [2024-05-31T08:38:13.794Z] >>> [apiv2][(partial)header] GET https://serviceusage.googleapis.com/v1/projects/troodbdm/services/cloudbuild.googleapis.com x-goog-quota-user=projects/troodbdm
[debug] [2024-05-31T08:38:13.794Z] >>> [apiv2][query] GET https://serviceusage.googleapis.com/v1/projects/troodbdm/services/artifactregistry.googleapis.com [none]
[debug] [2024-05-31T08:38:13.795Z] >>> [apiv2][(partial)header] GET https://serviceusage.googleapis.com/v1/projects/troodbdm/services/artifactregistry.googleapis.com x-goog-quota-user=projects/troodbdm
[debug] [2024-05-31T08:38:14.766Z] <<< [apiv2][status] GET https://serviceusage.googleapis.com/v1/projects/troodbdm/services/cloudbuild.googleapis.com 200
[debug] [2024-05-31T08:38:14.766Z] <<< [apiv2][body] GET https://serviceusage.googleapis.com/v1/projects/troodbdm/services/cloudbuild.googleapis.com [omitted]
[info] +  functions: required API cloudbuild.googleapis.com is enabled 
[debug] [2024-05-31T08:38:14.781Z] <<< [apiv2][status] GET https://serviceusage.googleapis.com/v1/projects/troodbdm/services/cloudfunctions.googleapis.com 200
[debug] [2024-05-31T08:38:14.781Z] <<< [apiv2][body] GET https://serviceusage.googleapis.com/v1/projects/troodbdm/services/cloudfunctions.googleapis.com [omitted]
[info] +  functions: required API cloudfunctions.googleapis.com is enabled 
[debug] [2024-05-31T08:38:14.842Z] <<< [apiv2][status] GET https://serviceusage.googleapis.com/v1/projects/troodbdm/services/artifactregistry.googleapis.com 200
[debug] [2024-05-31T08:38:14.842Z] <<< [apiv2][body] GET https://serviceusage.googleapis.com/v1/projects/troodbdm/services/artifactregistry.googleapis.com [omitted]
[info] +  artifactregistry: required API artifactregistry.googleapis.com is enabled 
[debug] [2024-05-31T08:38:14.847Z] <<< [apiv2][status] GET https://serviceusage.googleapis.com/v1/projects/troodbdm/services/runtimeconfig.googleapis.com 200
[debug] [2024-05-31T08:38:14.847Z] <<< [apiv2][body] GET https://serviceusage.googleapis.com/v1/projects/troodbdm/services/runtimeconfig.googleapis.com [omitted]
[debug] [2024-05-31T08:38:14.847Z] >>> [apiv2][query] GET https://firebase.googleapis.com/v1beta1/projects/troodbdm/adminSdkConfig [none]
[debug] [2024-05-31T08:38:15.461Z] <<< [apiv2][status] GET https://firebase.googleapis.com/v1beta1/projects/troodbdm/adminSdkConfig 200
[debug] [2024-05-31T08:38:15.462Z] <<< [apiv2][body] GET https://firebase.googleapis.com/v1beta1/projects/troodbdm/adminSdkConfig {"projectId":"troodbdm","databaseURL":"https://troodbdm-default-rtdb.firebaseio.com","storageBucket":"troodbdm.appspot.com","locationId":"us-central"}
[debug] [2024-05-31T08:38:15.462Z] >>> [apiv2][query] GET https://runtimeconfig.googleapis.com/v1beta1/projects/troodbdm/configs [none]
[debug] [2024-05-31T08:38:15.660Z] <<< [apiv2][status] GET https://runtimeconfig.googleapis.com/v1beta1/projects/troodbdm/configs 200
[debug] [2024-05-31T08:38:15.660Z] <<< [apiv2][body] GET https://runtimeconfig.googleapis.com/v1beta1/projects/troodbdm/configs {"configs":[{"name":"projects/troodbdm/configs/telegram"}]}
[debug] [2024-05-31T08:38:15.661Z] >>> [apiv2][query] GET https://runtimeconfig.googleapis.com/v1beta1/projects/troodbdm/configs/telegram/variables [none]
[debug] [2024-05-31T08:38:15.835Z] <<< [apiv2][status] GET https://runtimeconfig.googleapis.com/v1beta1/projects/troodbdm/configs/telegram/variables 200
[debug] [2024-05-31T08:38:15.835Z] <<< [apiv2][body] GET https://runtimeconfig.googleapis.com/v1beta1/projects/troodbdm/configs/telegram/variables {"variables":[{"name":"projects/troodbdm/configs/telegram/variables/token","updateTime":"2024-05-30T10:26:03.032457941Z"}]}
[debug] [2024-05-31T08:38:15.836Z] >>> [apiv2][query] GET https://runtimeconfig.googleapis.com/v1beta1/projects/troodbdm/configs/telegram/variables/token [none]
[debug] [2024-05-31T08:38:16.106Z] <<< [apiv2][status] GET https://runtimeconfig.googleapis.com/v1beta1/projects/troodbdm/configs/telegram/variables/token 200
[debug] [2024-05-31T08:38:16.106Z] <<< [apiv2][body] GET https://runtimeconfig.googleapis.com/v1beta1/projects/troodbdm/configs/telegram/variables/token {"name":"projects/troodbdm/configs/telegram/variables/token","updateTime":"2024-05-30T10:26:03.032457941Z","text":"7452926719:AAGB0dhxcmSWQLv-OQkHlpFAXT6nL8ZLy1E"}
[debug] [2024-05-31T08:38:16.109Z] Validating nodejs source
[debug] [2024-05-31T08:38:16.829Z] > [functions] package.json contents: {
  "name": "functions",
  "description": "Cloud Functions for Firebase",
  "scripts": {
    "lint": "eslint .",
    "serve": "firebase emulators:start --only functions",
    "shell": "firebase functions:shell",
    "start": "npm run shell",
    "deploy": "firebase deploy --only functions",
    "logs": "firebase functions:log"
  },
  "engines": {
    "node": "18"
  },
  "main": "index.js",
  "dependencies": {
    "axios": "^1.7.2",
    "firebase-admin": "^12.1.0",
    "firebase-functions": "^5.0.0"
  },
  "devDependencies": {
    "eslint": "^8.15.0",
    "eslint-config-google": "^0.14.0",
    "firebase-functions-test": "^3.1.0"
  },
  "private": true
}
[debug] [2024-05-31T08:38:16.830Z] Building nodejs source
[info] i  functions: Loading and analyzing source code for codebase default to determine what to deploy 
[debug] [2024-05-31T08:38:16.830Z] Could not find functions.yaml. Must use http discovery
[debug] [2024-05-31T08:38:16.838Z] Found firebase-functions binary at 'C:\Users\User\PhpstormProjects\twa\troodbdm_web (web)\node_modules\.bin\firebase-functions'
[info] Serving at port 8463

[debug] [2024-05-31T08:38:17.678Z] Got response from /__/functions.yaml {"endpoints":{"bot":{"platform":"gcfv1","availableMemoryMb":null,"timeoutSeconds":null,"minInstances":null,"maxInstances":null,"ingressSettings":null,"serviceAccountEmail":null,"vpc":null,"httpsTrigger":{},"entryPoint":"bot"}},"specVersion":"v1alpha1","requiredAPIs":[]}
[error] error: [polling_error] {"code":"ETELEGRAM","message":"ETELEGRAM: 404 Not Found"}

[error] error: [polling_error] {"code":"ETELEGRAM","message":"ETELEGRAM: 404 Not Found"}

[error] error: [polling_error] {"code":"ETELEGRAM","message":"ETELEGRAM: 404 Not Found"}

[error] error: [polling_error] {"code":"ETELEGRAM","message":"ETELEGRAM: 404 Not Found"}

[error] error: [polling_error] {"code":"ETELEGRAM","message":"ETELEGRAM: 404 Not Found"}

[error] error: [polling_error] {"code":"ETELEGRAM","message":"ETELEGRAM: 404 Not Found"}

[error] error: [polling_error] {"code":"ETELEGRAM","message":"ETELEGRAM: 404 Not Found"}

[error] error: [polling_error] {"code":"ETELEGRAM","message":"ETELEGRAM: 404 Not Found"}

[error] error: [polling_error] {"code":"ETELEGRAM","message":"ETELEGRAM: 404 Not Found"}

[error] error: [polling_error] {"code":"ETELEGRAM","message":"ETELEGRAM: 404 Not Found"}

[error] error: [polling_error] {"code":"ETELEGRAM","message":"ETELEGRAM: 404 Not Found"}

[error] error: [polling_error] {"code":"ETELEGRAM","message":"ETELEGRAM: 404 Not Found"}

[error] error: [polling_error] {"code":"ETELEGRAM","message":"ETELEGRAM: 404 Not Found"}

[error] error: [polling_error] {"code":"ETELEGRAM","message":"ETELEGRAM: 404 Not Found"}

[error] error: [polling_error] {"code":"ETELEGRAM","message":"ETELEGRAM: 404 Not Found"}

[error] error: [polling_error] {"code":"ETELEGRAM","message":"ETELEGRAM: 404 Not Found"}

[error] error: [polling_error] {"code":"ETELEGRAM","message":"ETELEGRAM: 404 Not Found"}

[error] error: [polling_error] {"code":"ETELEGRAM","message":"ETELEGRAM: 404 Not Found"}

[error] error: [polling_error] {"code":"ETELEGRAM","message":"ETELEGRAM: 404 Not Found"}

[error] error: [polling_error] {"code":"ETELEGRAM","message":"ETELEGRAM: 404 Not Found"}

[error] error: [polling_error] {"code":"ETELEGRAM","message":"ETELEGRAM: 404 Not Found"}

[error] error: [polling_error] {"code":"ETELEGRAM","message":"ETELEGRAM: 404 Not Found"}

[error] error: [polling_error] {"code":"ETELEGRAM","message":"ETELEGRAM: 404 Not Found"}

[error] error: [polling_error] {"code":"ETELEGRAM","message":"ETELEGRAM: 404 Not Found"}

[error] error: [polling_error] {"code":"ETELEGRAM","message":"ETELEGRAM: 404 Not Found"}

[error] error: [polling_error] {"code":"ETELEGRAM","message":"ETELEGRAM: 404 Not Found"}

[error] error: [polling_error] {"code":"ETELEGRAM","message":"ETELEGRAM: 404 Not Found"}

[error] error: [polling_error] {"code":"ETELEGRAM","message":"ETELEGRAM: 404 Not Found"}

[error] error: [polling_error] {"code":"ETELEGRAM","message":"ETELEGRAM: 404 Not Found"}

[error] error: [polling_error] {"code":"ETELEGRAM","message":"ETELEGRAM: 404 Not Found"}

[info] i  functions: preparing troodbdm_web (web) directory for uploading... 
[info] i  functions: packaged C:\Users\User\PhpstormProjects\twa\troodbdm_web (web) (75.01 KB) for uploading 
[debug] [2024-05-31T08:38:27.762Z] >>> [apiv2][query] GET https://cloudfunctions.googleapis.com/v1/projects/troodbdm/locations/-/functions [none]
[error] error: [polling_error] {"code":"ETELEGRAM","message":"ETELEGRAM: 404 Not Found"}

[debug] [2024-05-31T08:38:28.303Z] <<< [apiv2][status] GET https://cloudfunctions.googleapis.com/v1/projects/troodbdm/locations/-/functions 200
[debug] [2024-05-31T08:38:28.303Z] <<< [apiv2][body] GET https://cloudfunctions.googleapis.com/v1/projects/troodbdm/locations/-/functions {"functions":[{"name":"projects/troodbdm/locations/us-central1/functions/sendNotification","httpsTrigger":{"url":"https://us-central1-troodbdm.cloudfunctions.net/sendNotification","securityLevel":"SECURE_ALWAYS"},"status":"ACTIVE","entryPoint":"sendNotification","timeout":"60s","availableMemoryMb":256,"serviceAccountEmail":"troodbdm@appspot.gserviceaccount.com","updateTime":"2024-05-30T16:29:46.079Z","versionId":"3","labels":{"deployment-tool":"cli-firebase","firebase-functions-hash":"d0e621abd555a9c3ef751945c69fc81fc42e4acc"},"sourceUploadUrl":"https://storage.googleapis.com/uploads-1003702194152.us-central1.cloudfunctions.appspot.com/a0aa868b-c3f6-4a94-bf03-8bce42e8ccbe.zip","environmentVariables":{"FIREBASE_CONFIG":"{\"projectId\":\"troodbdm\",\"databaseURL\":\"https://troodbdm-default-rtdb.firebaseio.com\",\"storageBucket\":\"troodbdm.appspot.com\",\"locationId\":\"us-central\"}","GCLOUD_PROJECT":"troodbdm","EVENTARC_CLOUD_EVENT_SOURCE":"projects/troodbdm/locations/us-central1/functions/sendNotification"},"runtime":"nodejs18","ingressSettings":"ALLOW_ALL","buildId":"209035e9-c114-4e83-915f-f93f4e0b6fa0","buildEnvironmentVariables":{"GOOGLE_NODE_RUN_SCRIPTS":""},"buildName":"projects/76284643143/locations/us-central1/builds/209035e9-c114-4e83-915f-f93f4e0b6fa0","dockerRegistry":"ARTIFACT_REGISTRY","automaticUpdatePolicy":{}}]}
[debug] [2024-05-31T08:38:28.305Z] >>> [apiv2][query] GET https://cloudfunctions.googleapis.com/v2/projects/troodbdm/locations/-/functions filter=environment%3D%22GEN_2%22
[error] error: [polling_error] {"code":"ETELEGRAM","message":"ETELEGRAM: 404 Not Found"}

[error] error: [polling_error] {"code":"ETELEGRAM","message":"ETELEGRAM: 404 Not Found"}

[error] error: [polling_error] {"code":"ETELEGRAM","message":"ETELEGRAM: 404 Not Found"}

[error] error: [polling_error] {"code":"ETELEGRAM","message":"ETELEGRAM: 404 Not Found"}

[debug] [2024-05-31T08:38:29.386Z] <<< [apiv2][status] GET https://cloudfunctions.googleapis.com/v2/projects/troodbdm/locations/-/functions 200
[debug] [2024-05-31T08:38:29.386Z] <<< [apiv2][body] GET https://cloudfunctions.googleapis.com/v2/projects/troodbdm/locations/-/functions {}
[debug] [2024-05-31T08:38:29.388Z] >>> [apiv2][query] GET https://firebase.googleapis.com/v1beta1/projects/troodbdm [none]
[debug] [2024-05-31T08:38:29.631Z] <<< [apiv2][status] GET https://firebase.googleapis.com/v1beta1/projects/troodbdm 200
[debug] [2024-05-31T08:38:29.631Z] <<< [apiv2][body] GET https://firebase.googleapis.com/v1beta1/projects/troodbdm {"projectId":"troodbdm","projectNumber":"76284643143","displayName":"TroodBDM","name":"projects/troodbdm","resources":{"hostingSite":"troodbdm","realtimeDatabaseInstance":"troodbdm-default-rtdb","storageBucket":"troodbdm.appspot.com","locationId":"us-central"},"state":"ACTIVE","etag":"1_21e63d12-59f0-4fd7-bf7d-ea09837ede5a"}
[debug] [2024-05-31T08:38:29.631Z] [functions] found 1 new HTTP functions, testing setIamPolicy permission...
[debug] [2024-05-31T08:38:29.632Z] >>> [apiv2][query] POST https://cloudresourcemanager.googleapis.com/v1/projects/troodbdm:testIamPermissions [none]
[debug] [2024-05-31T08:38:29.632Z] >>> [apiv2][(partial)header] POST https://cloudresourcemanager.googleapis.com/v1/projects/troodbdm:testIamPermissions x-goog-quota-user=projects/troodbdm
[debug] [2024-05-31T08:38:29.632Z] >>> [apiv2][body] POST https://cloudresourcemanager.googleapis.com/v1/projects/troodbdm:testIamPermissions {"permissions":["cloudfunctions.functions.setIamPolicy"]}
[error] error: [polling_error] {"code":"ETELEGRAM","message":"ETELEGRAM: 404 Not Found"}

[error] error: [polling_error] {"code":"ETELEGRAM","message":"ETELEGRAM: 404 Not Found"}

[error] error: [polling_error] {"code":"ETELEGRAM","message":"ETELEGRAM: 404 Not Found"}

[debug] [2024-05-31T08:38:30.367Z] <<< [apiv2][status] POST https://cloudresourcemanager.googleapis.com/v1/projects/troodbdm:testIamPermissions 200
[debug] [2024-05-31T08:38:30.367Z] <<< [apiv2][body] POST https://cloudresourcemanager.googleapis.com/v1/projects/troodbdm:testIamPermissions {"permissions":["cloudfunctions.functions.setIamPolicy"]}
[debug] [2024-05-31T08:38:30.367Z] [functions] found setIamPolicy permission, proceeding with deploy
[debug] [2024-05-31T08:38:30.367Z] >>> [apiv2][query] POST https://cloudfunctions.googleapis.com/v1/projects/troodbdm/locations/us-central1/functions:generateUploadUrl [none]
[debug] [2024-05-31T08:38:30.367Z] >>> [apiv2][body] POST https://cloudfunctions.googleapis.com/v1/projects/troodbdm/locations/us-central1/functions:generateUploadUrl {}
[error] error: [polling_error] {"code":"ETELEGRAM","message":"ETELEGRAM: 404 Not Found"}

[debug] [2024-05-31T08:38:30.943Z] <<< [apiv2][status] POST https://cloudfunctions.googleapis.com/v1/projects/troodbdm/locations/us-central1/functions:generateUploadUrl 200
[debug] [2024-05-31T08:38:30.943Z] <<< [apiv2][body] POST https://cloudfunctions.googleapis.com/v1/projects/troodbdm/locations/us-central1/functions:generateUploadUrl {"uploadUrl":"https://storage.googleapis.com/uploads-1003702194152.us-central1.cloudfunctions.appspot.com/ad849286-3734-420b-86f7-fea1047e6788.zip?GoogleAccessId=service-76284643143@gcf-admin-robot.iam.gserviceaccount.com&Expires=1717146512&Signature=L2LTydooAX%2BEKMuGVGghM%2BX39m0zSXiG%2FZWvziXbWMseWdki2WkDLPJsAyywb450v7Can1Wast%2BOjC5FCKj%2FeJB1buzRmJNXoKEzUCjQdqxUNjD%2BOOGY9DnSOYwlG551oaY6XZEzPYkhDvw%2BrNQ%2Fn762qqwdvp%2BIvWjnq%2FQ9ThjLIBPK7hy1jQkD4aH%2Bk%2BBbPjeohPb2WqyuhWWK6RYgoL7aBKMmnYfC7SCT3tZQKZ1%2BSHUhNiq%2Fhld3fHK4nEoSSGG%2FWR4dPJFcsoATY3KWpkoLmsQjTXTBVt%2BIK02iuFyiRfpHqSAON9o%2Bt8Tp0yxHRgTiFaz9Q%2Frz1wdNmrqZLw%3D%3D"}
[debug] [2024-05-31T08:38:30.944Z] >>> [apiv2][query] PUT https://storage.googleapis.com/uploads-1003702194152.us-central1.cloudfunctions.appspot.com/ad849286-3734-420b-86f7-fea1047e6788.zip GoogleAccessId=service-76284643143%40gcf-admin-robot.iam.gserviceaccount.com&Expires=1717146512&Signature=L2LTydooAX%2BEKMuGVGghM%2BX39m0zSXiG%2FZWvziXbWMseWdki2WkDLPJsAyywb450v7Can1Wast%2BOjC5FCKj%2FeJB1buzRmJNXoKEzUCjQdqxUNjD%2BOOGY9DnSOYwlG551oaY6XZEzPYkhDvw%2BrNQ%2Fn762qqwdvp%2BIvWjnq%2FQ9ThjLIBPK7hy1jQkD4aH%2Bk%2BBbPjeohPb2WqyuhWWK6RYgoL7aBKMmnYfC7SCT3tZQKZ1%2BSHUhNiq%2Fhld3fHK4nEoSSGG%2FWR4dPJFcsoATY3KWpkoLmsQjTXTBVt%2BIK02iuFyiRfpHqSAON9o%2Bt8Tp0yxHRgTiFaz9Q%2Frz1wdNmrqZLw%3D%3D
[debug] [2024-05-31T08:38:30.944Z] >>> [apiv2][body] PUT https://storage.googleapis.com/uploads-1003702194152.us-central1.cloudfunctions.appspot.com/ad849286-3734-420b-86f7-fea1047e6788.zip [stream]
[error] error: [polling_error] {"code":"ETELEGRAM","message":"ETELEGRAM: 404 Not Found"}

[error] error: [polling_error] {"code":"ETELEGRAM","message":"ETELEGRAM: 404 Not Found"}

[debug] [2024-05-31T08:38:31.509Z] <<< [apiv2][status] PUT https://storage.googleapis.com/uploads-1003702194152.us-central1.cloudfunctions.appspot.com/ad849286-3734-420b-86f7-fea1047e6788.zip 200
[debug] [2024-05-31T08:38:31.509Z] <<< [apiv2][body] PUT https://storage.googleapis.com/uploads-1003702194152.us-central1.cloudfunctions.appspot.com/ad849286-3734-420b-86f7-fea1047e6788.zip [omitted]
[info] +  functions: troodbdm_web (web) folder uploaded successfully 
[info] 
The following functions are found in your project but do not exist in your local source code:
	sendNotification(us-central1)

If you are renaming a function or changing its region, it is recommended that you create the new function first before deleting the old one to prevent event loss. For more info, visit https://firebase.google.com/docs/functions/manage-functions#modify

[error] error: [polling_error] {"code":"ETELEGRAM","message":"ETELEGRAM: 404 Not Found"}

[error] error: [polling_error] {"code":"ETELEGRAM","message":"ETELEGRAM: 404 Not Found"}

[error] error: [polling_error] {"code":"ETELEGRAM","message":"ETELEGRAM: 404 Not Found"}

[error] error: [polling_error] {"code":"ETELEGRAM","message":"ETELEGRAM: 404 Not Found"}

[error] error: [polling_error] {"code":"ETELEGRAM","message":"ETELEGRAM: 404 Not Found"}

[error] error: [polling_error] {"code":"ETELEGRAM","message":"ETELEGRAM: 404 Not Found"}

[error] error: [polling_error] {"code":"ETELEGRAM","message":"ETELEGRAM: 404 Not Found"}

[error] error: [polling_error] {"code":"ETELEGRAM","message":"ETELEGRAM: 404 Not Found"}

[error] error: [polling_error] {"code":"ETELEGRAM","message":"ETELEGRAM: 404 Not Found"}

[error] error: [polling_error] {"code":"ETELEGRAM","message":"ETELEGRAM: 404 Not Found"}

[error] error: [polling_error] {"code":"ETELEGRAM","message":"ETELEGRAM: 404 Not Found"}

[error] error: [polling_error] {"code":"ETELEGRAM","message":"ETELEGRAM: 404 Not Found"}

[error] error: [polling_error] {"code":"ETELEGRAM","message":"ETELEGRAM: 404 Not Found"}

[error] error: [polling_error] {"code":"ETELEGRAM","message":"ETELEGRAM: 404 Not Found"}

[error] error: [polling_error] {"code":"ETELEGRAM","message":"ETELEGRAM: 404 Not Found"}

[error] error: [polling_error] {"code":"ETELEGRAM","message":"ETELEGRAM: 404 Not Found"}

[error] error: [polling_error] {"code":"ETELEGRAM","message":"ETELEGRAM: 404 Not Found"}

[error] error: [polling_error] {"code":"ETELEGRAM","message":"ETELEGRAM: 404 Not Found"}

[error] error: [polling_error] {"code":"ETELEGRAM","message":"ETELEGRAM: 404 Not Found"}

[error] error: [polling_error] {"code":"ETELEGRAM","message":"ETELEGRAM: 404 Not Found"}

[error] error: [polling_error] {"code":"ETELEGRAM","message":"ETELEGRAM: 404 Not Found"}

[error] error: [polling_error] {"code":"ETELEGRAM","message":"ETELEGRAM: 404 Not Found"}

[error] error: [polling_error] {"code":"ETELEGRAM","message":"ETELEGRAM: 404 Not Found"}

[error] error: [polling_error] {"code":"ETELEGRAM","message":"ETELEGRAM: 404 Not Found"}

[error] error: [polling_error] {"code":"ETELEGRAM","message":"ETELEGRAM: 404 Not Found"}

[error] error: [polling_error] {"code":"ETELEGRAM","message":"ETELEGRAM: 404 Not Found"}

[error] error: [polling_error] {"code":"ETELEGRAM","message":"ETELEGRAM: 404 Not Found"}

[error] error: [polling_error] {"code":"ETELEGRAM","message":"ETELEGRAM: 404 Not Found"}

[error] error: [polling_error] {"code":"ETELEGRAM","message":"ETELEGRAM: 404 Not Found"}

[error] error: [polling_error] {"code":"ETELEGRAM","message":"ETELEGRAM: 404 Not Found"}

[error] error: [polling_error] {"code":"ETELEGRAM","message":"ETELEGRAM: 404 Not Found"}

[error] error: [polling_error] {"code":"ETELEGRAM","message":"ETELEGRAM: 404 Not Found"}

[error] error: [polling_error] {"code":"ETELEGRAM","message":"ETELEGRAM: 404 Not Found"}

[error] error: [polling_error] {"code":"ETELEGRAM","message":"ETELEGRAM: 404 Not Found"}

[error] error: [polling_error] {"code":"ETELEGRAM","message":"ETELEGRAM: 404 Not Found"}

[error] error: [polling_error] {"code":"ETELEGRAM","message":"ETELEGRAM: 404 Not Found"}

[error] error: [polling_error] {"code":"ETELEGRAM","message":"ETELEGRAM: 404 Not Found"}

[error] error: [polling_error] {"code":"ETELEGRAM","message":"ETELEGRAM: 404 Not Found"}

[error] error: [polling_error] {"code":"ETELEGRAM","message":"ETELEGRAM: 404 Not Found"}

[error] error: [polling_error] {"code":"ETELEGRAM","message":"ETELEGRAM: 404 Not Found"}

[error] error: [polling_error] {"code":"ETELEGRAM","message":"ETELEGRAM: 404 Not Found"}

[error] error: [polling_error] {"code":"ETELEGRAM","message":"ETELEGRAM: 404 Not Found"}

[error] error: [polling_error] {"code":"ETELEGRAM","message":"ETELEGRAM: 404 Not Found"}

[error] error: [polling_error] {"code":"ETELEGRAM","message":"ETELEGRAM: 404 Not Found"}

[error] error: [polling_error] {"code":"ETELEGRAM","message":"ETELEGRAM: 404 Not Found"}

[error] error: [polling_error] {"code":"ETELEGRAM","message":"ETELEGRAM: 404 Not Found"}

[error] error: [polling_error] {"code":"ETELEGRAM","message":"ETELEGRAM: 404 Not Found"}

[debug] [2024-05-31T08:40:13.117Z] ----------------------------------------------------------------------
[debug] [2024-05-31T08:40:13.119Z] Command:       C:\Program Files\nodejs\node.exe C:\Users\User\AppData\Roaming\npm\node_modules\firebase-tools\lib\bin\firebase.js deploy --only functions
[debug] [2024-05-31T08:40:13.119Z] CLI Version:   13.10.2
[debug] [2024-05-31T08:40:13.119Z] Platform:      win32
[debug] [2024-05-31T08:40:13.120Z] Node Version:  v20.13.1
[debug] [2024-05-31T08:40:13.120Z] Time:          Fri May 31 2024 10:40:13 GMT+0200 (Центральная Европа, летнее время)
[debug] [2024-05-31T08:40:13.120Z] ----------------------------------------------------------------------
[debug] 
[debug] [2024-05-31T08:40:13.177Z] > command requires scopes: ["email","openid","https://www.googleapis.com/auth/cloudplatformprojects.readonly","https://www.googleapis.com/auth/firebase","https://www.googleapis.com/auth/cloud-platform"]
[debug] [2024-05-31T08:40:13.178Z] > authorizing via signed-in user (makhinko180601@gmail.com)
[debug] [2024-05-31T08:40:13.178Z] [iam] checking project troodbdm for permissions ["cloudfunctions.functions.create","cloudfunctions.functions.delete","cloudfunctions.functions.get","cloudfunctions.functions.list","cloudfunctions.functions.update","cloudfunctions.operations.get","firebase.projects.get"]
[debug] [2024-05-31T08:40:13.180Z] >>> [apiv2][query] POST https://cloudresourcemanager.googleapis.com/v1/projects/troodbdm:testIamPermissions [none]
[debug] [2024-05-31T08:40:13.180Z] >>> [apiv2][(partial)header] POST https://cloudresourcemanager.googleapis.com/v1/projects/troodbdm:testIamPermissions x-goog-quota-user=projects/troodbdm
[debug] [2024-05-31T08:40:13.180Z] >>> [apiv2][body] POST https://cloudresourcemanager.googleapis.com/v1/projects/troodbdm:testIamPermissions {"permissions":["cloudfunctions.functions.create","cloudfunctions.functions.delete","cloudfunctions.functions.get","cloudfunctions.functions.list","cloudfunctions.functions.update","cloudfunctions.operations.get","firebase.projects.get"]}
[debug] [2024-05-31T08:40:13.980Z] <<< [apiv2][status] POST https://cloudresourcemanager.googleapis.com/v1/projects/troodbdm:testIamPermissions 200
[debug] [2024-05-31T08:40:13.980Z] <<< [apiv2][body] POST https://cloudresourcemanager.googleapis.com/v1/projects/troodbdm:testIamPermissions {"permissions":["cloudfunctions.functions.create","cloudfunctions.functions.delete","cloudfunctions.functions.get","cloudfunctions.functions.list","cloudfunctions.functions.update","cloudfunctions.operations.get","firebase.projects.get"]}
[debug] [2024-05-31T08:40:13.980Z] >>> [apiv2][query] POST https://iam.googleapis.com/v1/projects/troodbdm/serviceAccounts/troodbdm@appspot.gserviceaccount.com:testIamPermissions [none]
[debug] [2024-05-31T08:40:13.980Z] >>> [apiv2][body] POST https://iam.googleapis.com/v1/projects/troodbdm/serviceAccounts/troodbdm@appspot.gserviceaccount.com:testIamPermissions {"permissions":["iam.serviceAccounts.actAs"]}
[debug] [2024-05-31T08:40:14.730Z] <<< [apiv2][status] POST https://iam.googleapis.com/v1/projects/troodbdm/serviceAccounts/troodbdm@appspot.gserviceaccount.com:testIamPermissions 200
[debug] [2024-05-31T08:40:14.730Z] <<< [apiv2][body] POST https://iam.googleapis.com/v1/projects/troodbdm/serviceAccounts/troodbdm@appspot.gserviceaccount.com:testIamPermissions {"permissions":["iam.serviceAccounts.actAs"]}
[info] 
[info] === Deploying to 'troodbdm'...
[info] 
[info] i  deploying functions 
[info] Running command: npm run lint
[info] +  functions: Finished running predeploy script. 
[debug] [2024-05-31T08:40:16.491Z] >>> [apiv2][query] GET https://firebase.googleapis.com/v1beta1/projects/troodbdm [none]
[debug] [2024-05-31T08:40:16.726Z] <<< [apiv2][status] GET https://firebase.googleapis.com/v1beta1/projects/troodbdm 200
[debug] [2024-05-31T08:40:16.726Z] <<< [apiv2][body] GET https://firebase.googleapis.com/v1beta1/projects/troodbdm {"projectId":"troodbdm","projectNumber":"76284643143","displayName":"TroodBDM","name":"projects/troodbdm","resources":{"hostingSite":"troodbdm","realtimeDatabaseInstance":"troodbdm-default-rtdb","storageBucket":"troodbdm.appspot.com","locationId":"us-central"},"state":"ACTIVE","etag":"1_21e63d12-59f0-4fd7-bf7d-ea09837ede5a"}
[info] i  functions: preparing codebase default for deployment 
[info] i  functions: ensuring required API cloudfunctions.googleapis.com is enabled... 
[info] i  functions: ensuring required API cloudbuild.googleapis.com is enabled... 
[info] i  artifactregistry: ensuring required API artifactregistry.googleapis.com is enabled... 
[debug] [2024-05-31T08:40:16.728Z] >>> [apiv2][query] GET https://serviceusage.googleapis.com/v1/projects/troodbdm/services/cloudfunctions.googleapis.com [none]
[debug] [2024-05-31T08:40:16.728Z] >>> [apiv2][(partial)header] GET https://serviceusage.googleapis.com/v1/projects/troodbdm/services/cloudfunctions.googleapis.com x-goog-quota-user=projects/troodbdm
[debug] [2024-05-31T08:40:16.729Z] >>> [apiv2][query] GET https://serviceusage.googleapis.com/v1/projects/troodbdm/services/runtimeconfig.googleapis.com [none]
[debug] [2024-05-31T08:40:16.729Z] >>> [apiv2][(partial)header] GET https://serviceusage.googleapis.com/v1/projects/troodbdm/services/runtimeconfig.googleapis.com x-goog-quota-user=projects/troodbdm
[debug] [2024-05-31T08:40:16.730Z] >>> [apiv2][query] GET https://serviceusage.googleapis.com/v1/projects/troodbdm/services/cloudbuild.googleapis.com [none]
[debug] [2024-05-31T08:40:16.730Z] >>> [apiv2][(partial)header] GET https://serviceusage.googleapis.com/v1/projects/troodbdm/services/cloudbuild.googleapis.com x-goog-quota-user=projects/troodbdm
[debug] [2024-05-31T08:40:16.730Z] >>> [apiv2][query] GET https://serviceusage.googleapis.com/v1/projects/troodbdm/services/artifactregistry.googleapis.com [none]
[debug] [2024-05-31T08:40:16.731Z] >>> [apiv2][(partial)header] GET https://serviceusage.googleapis.com/v1/projects/troodbdm/services/artifactregistry.googleapis.com x-goog-quota-user=projects/troodbdm
[debug] [2024-05-31T08:40:17.698Z] <<< [apiv2][status] GET https://serviceusage.googleapis.com/v1/projects/troodbdm/services/cloudbuild.googleapis.com 200
[debug] [2024-05-31T08:40:17.698Z] <<< [apiv2][body] GET https://serviceusage.googleapis.com/v1/projects/troodbdm/services/cloudbuild.googleapis.com [omitted]
[info] +  functions: required API cloudbuild.googleapis.com is enabled 
[debug] [2024-05-31T08:40:17.700Z] <<< [apiv2][status] GET https://serviceusage.googleapis.com/v1/projects/troodbdm/services/cloudfunctions.googleapis.com 200
[debug] [2024-05-31T08:40:17.700Z] <<< [apiv2][body] GET https://serviceusage.googleapis.com/v1/projects/troodbdm/services/cloudfunctions.googleapis.com [omitted]
[info] +  functions: required API cloudfunctions.googleapis.com is enabled 
[debug] [2024-05-31T08:40:17.701Z] <<< [apiv2][status] GET https://serviceusage.googleapis.com/v1/projects/troodbdm/services/runtimeconfig.googleapis.com 200
[debug] [2024-05-31T08:40:17.701Z] <<< [apiv2][body] GET https://serviceusage.googleapis.com/v1/projects/troodbdm/services/runtimeconfig.googleapis.com [omitted]
[debug] [2024-05-31T08:40:17.701Z] <<< [apiv2][status] GET https://serviceusage.googleapis.com/v1/projects/troodbdm/services/artifactregistry.googleapis.com 200
[debug] [2024-05-31T08:40:17.701Z] <<< [apiv2][body] GET https://serviceusage.googleapis.com/v1/projects/troodbdm/services/artifactregistry.googleapis.com [omitted]
[info] +  artifactregistry: required API artifactregistry.googleapis.com is enabled 
[debug] [2024-05-31T08:40:17.702Z] >>> [apiv2][query] GET https://firebase.googleapis.com/v1beta1/projects/troodbdm/adminSdkConfig [none]
[debug] [2024-05-31T08:40:18.302Z] <<< [apiv2][status] GET https://firebase.googleapis.com/v1beta1/projects/troodbdm/adminSdkConfig 200
[debug] [2024-05-31T08:40:18.302Z] <<< [apiv2][body] GET https://firebase.googleapis.com/v1beta1/projects/troodbdm/adminSdkConfig {"projectId":"troodbdm","databaseURL":"https://troodbdm-default-rtdb.firebaseio.com","storageBucket":"troodbdm.appspot.com","locationId":"us-central"}
[debug] [2024-05-31T08:40:18.302Z] >>> [apiv2][query] GET https://runtimeconfig.googleapis.com/v1beta1/projects/troodbdm/configs [none]
[debug] [2024-05-31T08:40:18.525Z] <<< [apiv2][status] GET https://runtimeconfig.googleapis.com/v1beta1/projects/troodbdm/configs 200
[debug] [2024-05-31T08:40:18.525Z] <<< [apiv2][body] GET https://runtimeconfig.googleapis.com/v1beta1/projects/troodbdm/configs {"configs":[{"name":"projects/troodbdm/configs/telegram"}]}
[debug] [2024-05-31T08:40:18.526Z] >>> [apiv2][query] GET https://runtimeconfig.googleapis.com/v1beta1/projects/troodbdm/configs/telegram/variables [none]
[debug] [2024-05-31T08:40:18.698Z] <<< [apiv2][status] GET https://runtimeconfig.googleapis.com/v1beta1/projects/troodbdm/configs/telegram/variables 200
[debug] [2024-05-31T08:40:18.698Z] <<< [apiv2][body] GET https://runtimeconfig.googleapis.com/v1beta1/projects/troodbdm/configs/telegram/variables {"variables":[{"name":"projects/troodbdm/configs/telegram/variables/token","updateTime":"2024-05-30T10:26:03.032457941Z"}]}
[debug] [2024-05-31T08:40:18.698Z] >>> [apiv2][query] GET https://runtimeconfig.googleapis.com/v1beta1/projects/troodbdm/configs/telegram/variables/token [none]
[debug] [2024-05-31T08:40:18.860Z] <<< [apiv2][status] GET https://runtimeconfig.googleapis.com/v1beta1/projects/troodbdm/configs/telegram/variables/token 200
[debug] [2024-05-31T08:40:18.860Z] <<< [apiv2][body] GET https://runtimeconfig.googleapis.com/v1beta1/projects/troodbdm/configs/telegram/variables/token {"name":"projects/troodbdm/configs/telegram/variables/token","updateTime":"2024-05-30T10:26:03.032457941Z","text":"7452926719:AAGB0dhxcmSWQLv-OQkHlpFAXT6nL8ZLy1E"}
[debug] [2024-05-31T08:40:18.861Z] Validating nodejs source
[debug] [2024-05-31T08:40:19.550Z] > [functions] package.json contents: {
  "name": "functions",
  "description": "Cloud Functions for Firebase",
  "scripts": {
    "lint": "eslint .",
    "serve": "firebase emulators:start --only functions",
    "shell": "firebase functions:shell",
    "start": "npm run shell",
    "deploy": "firebase deploy --only functions",
    "logs": "firebase functions:log"
  },
  "engines": {
    "node": "18"
  },
  "main": "index.js",
  "dependencies": {
    "axios": "^1.7.2",
    "firebase-admin": "^12.1.0",
    "firebase-functions": "^5.0.0"
  },
  "devDependencies": {
    "eslint": "^8.15.0",
    "eslint-config-google": "^0.14.0",
    "firebase-functions-test": "^3.1.0"
  },
  "private": true
}
[debug] [2024-05-31T08:40:19.550Z] Building nodejs source
[info] i  functions: Loading and analyzing source code for codebase default to determine what to deploy 
[debug] [2024-05-31T08:40:19.552Z] Could not find functions.yaml. Must use http discovery
[debug] [2024-05-31T08:40:19.559Z] Found firebase-functions binary at 'C:\Users\User\PhpstormProjects\twa\troodbdm_web (web)\node_modules\.bin\firebase-functions'
[info] Serving at port 8558

[debug] [2024-05-31T08:40:20.116Z] Got response from /__/functions.yaml {"endpoints":{"bot":{"platform":"gcfv1","availableMemoryMb":null,"timeoutSeconds":null,"minInstances":null,"maxInstances":null,"ingressSettings":null,"serviceAccountEmail":null,"vpc":null,"httpsTrigger":{},"entryPoint":"bot"}},"specVersion":"v1alpha1","requiredAPIs":[]}
[info] i  functions: preparing troodbdm_web (web) directory for uploading... 
[info] i  functions: packaged C:\Users\User\PhpstormProjects\twa\troodbdm_web (web) (75.04 KB) for uploading 
[debug] [2024-05-31T08:40:30.203Z] >>> [apiv2][query] GET https://cloudfunctions.googleapis.com/v1/projects/troodbdm/locations/-/functions [none]
[debug] [2024-05-31T08:40:30.782Z] <<< [apiv2][status] GET https://cloudfunctions.googleapis.com/v1/projects/troodbdm/locations/-/functions 200
[debug] [2024-05-31T08:40:30.782Z] <<< [apiv2][body] GET https://cloudfunctions.googleapis.com/v1/projects/troodbdm/locations/-/functions {"functions":[{"name":"projects/troodbdm/locations/us-central1/functions/sendNotification","httpsTrigger":{"url":"https://us-central1-troodbdm.cloudfunctions.net/sendNotification","securityLevel":"SECURE_ALWAYS"},"status":"ACTIVE","entryPoint":"sendNotification","timeout":"60s","availableMemoryMb":256,"serviceAccountEmail":"troodbdm@appspot.gserviceaccount.com","updateTime":"2024-05-30T16:29:46.079Z","versionId":"3","labels":{"deployment-tool":"cli-firebase","firebase-functions-hash":"d0e621abd555a9c3ef751945c69fc81fc42e4acc"},"sourceUploadUrl":"https://storage.googleapis.com/uploads-1003702194152.us-central1.cloudfunctions.appspot.com/a0aa868b-c3f6-4a94-bf03-8bce42e8ccbe.zip","environmentVariables":{"FIREBASE_CONFIG":"{\"projectId\":\"troodbdm\",\"databaseURL\":\"https://troodbdm-default-rtdb.firebaseio.com\",\"storageBucket\":\"troodbdm.appspot.com\",\"locationId\":\"us-central\"}","GCLOUD_PROJECT":"troodbdm","EVENTARC_CLOUD_EVENT_SOURCE":"projects/troodbdm/locations/us-central1/functions/sendNotification"},"runtime":"nodejs18","ingressSettings":"ALLOW_ALL","buildId":"209035e9-c114-4e83-915f-f93f4e0b6fa0","buildEnvironmentVariables":{"GOOGLE_NODE_RUN_SCRIPTS":""},"buildName":"projects/76284643143/locations/us-central1/builds/209035e9-c114-4e83-915f-f93f4e0b6fa0","dockerRegistry":"ARTIFACT_REGISTRY","automaticUpdatePolicy":{}}]}
[debug] [2024-05-31T08:40:30.783Z] >>> [apiv2][query] GET https://cloudfunctions.googleapis.com/v2/projects/troodbdm/locations/-/functions filter=environment%3D%22GEN_2%22
[debug] [2024-05-31T08:40:31.844Z] <<< [apiv2][status] GET https://cloudfunctions.googleapis.com/v2/projects/troodbdm/locations/-/functions 200
[debug] [2024-05-31T08:40:31.844Z] <<< [apiv2][body] GET https://cloudfunctions.googleapis.com/v2/projects/troodbdm/locations/-/functions {}
[debug] [2024-05-31T08:40:31.846Z] >>> [apiv2][query] GET https://firebase.googleapis.com/v1beta1/projects/troodbdm [none]
[debug] [2024-05-31T08:40:32.066Z] <<< [apiv2][status] GET https://firebase.googleapis.com/v1beta1/projects/troodbdm 200
[debug] [2024-05-31T08:40:32.066Z] <<< [apiv2][body] GET https://firebase.googleapis.com/v1beta1/projects/troodbdm {"projectId":"troodbdm","projectNumber":"76284643143","displayName":"TroodBDM","name":"projects/troodbdm","resources":{"hostingSite":"troodbdm","realtimeDatabaseInstance":"troodbdm-default-rtdb","storageBucket":"troodbdm.appspot.com","locationId":"us-central"},"state":"ACTIVE","etag":"1_21e63d12-59f0-4fd7-bf7d-ea09837ede5a"}
[debug] [2024-05-31T08:40:32.067Z] [functions] found 1 new HTTP functions, testing setIamPolicy permission...
[debug] [2024-05-31T08:40:32.067Z] >>> [apiv2][query] POST https://cloudresourcemanager.googleapis.com/v1/projects/troodbdm:testIamPermissions [none]
[debug] [2024-05-31T08:40:32.067Z] >>> [apiv2][(partial)header] POST https://cloudresourcemanager.googleapis.com/v1/projects/troodbdm:testIamPermissions x-goog-quota-user=projects/troodbdm
[debug] [2024-05-31T08:40:32.068Z] >>> [apiv2][body] POST https://cloudresourcemanager.googleapis.com/v1/projects/troodbdm:testIamPermissions {"permissions":["cloudfunctions.functions.setIamPolicy"]}
[debug] [2024-05-31T08:40:32.795Z] <<< [apiv2][status] POST https://cloudresourcemanager.googleapis.com/v1/projects/troodbdm:testIamPermissions 200
[debug] [2024-05-31T08:40:32.795Z] <<< [apiv2][body] POST https://cloudresourcemanager.googleapis.com/v1/projects/troodbdm:testIamPermissions {"permissions":["cloudfunctions.functions.setIamPolicy"]}
[debug] [2024-05-31T08:40:32.795Z] [functions] found setIamPolicy permission, proceeding with deploy
[debug] [2024-05-31T08:40:32.796Z] >>> [apiv2][query] POST https://cloudfunctions.googleapis.com/v1/projects/troodbdm/locations/us-central1/functions:generateUploadUrl [none]
[debug] [2024-05-31T08:40:32.796Z] >>> [apiv2][body] POST https://cloudfunctions.googleapis.com/v1/projects/troodbdm/locations/us-central1/functions:generateUploadUrl {}
[debug] [2024-05-31T08:40:33.312Z] <<< [apiv2][status] POST https://cloudfunctions.googleapis.com/v1/projects/troodbdm/locations/us-central1/functions:generateUploadUrl 200
[debug] [2024-05-31T08:40:33.312Z] <<< [apiv2][body] POST https://cloudfunctions.googleapis.com/v1/projects/troodbdm/locations/us-central1/functions:generateUploadUrl {"uploadUrl":"https://storage.googleapis.com/uploads-1003702194152.us-central1.cloudfunctions.appspot.com/740ee96f-a6be-4b46-9773-2d7b2dd11bcf.zip?GoogleAccessId=service-76284643143@gcf-admin-robot.iam.gserviceaccount.com&Expires=1717146634&Signature=I4eG6H4S641HBnAHBGw9r8LMMg4uXXyoJiQHH0cn7st8A2%2FkhYrhR6FYNCTqjqWrKkvtLUt9phQHXvSZReuo1H%2BWn08McfYygHoXvS89xWVK5T27qWo%2BTiD4T%2FjpPg6K34RsFzQ39Z9VS4AIjQwLeIXiCJ%2FJOWh%2BNnSNJB3UpctGxTc86I3MCSBrXiVz86DPn9Km88FNSn5v3xaf8NPMDY9qcbEZ7uy858ojlAQOVqiBbctCXdZ%2BMhALYJByT6C7skmwlZXqqtn2xTJNzogTrE3tRy9Qz30cBWgcai%2FbqkXIiSBMxo794EqD%2BcA0RiHSvDi0262LAkcowJCH1EgqiA%3D%3D"}
[debug] [2024-05-31T08:40:33.313Z] >>> [apiv2][query] PUT https://storage.googleapis.com/uploads-1003702194152.us-central1.cloudfunctions.appspot.com/740ee96f-a6be-4b46-9773-2d7b2dd11bcf.zip GoogleAccessId=service-76284643143%40gcf-admin-robot.iam.gserviceaccount.com&Expires=1717146634&Signature=I4eG6H4S641HBnAHBGw9r8LMMg4uXXyoJiQHH0cn7st8A2%2FkhYrhR6FYNCTqjqWrKkvtLUt9phQHXvSZReuo1H%2BWn08McfYygHoXvS89xWVK5T27qWo%2BTiD4T%2FjpPg6K34RsFzQ39Z9VS4AIjQwLeIXiCJ%2FJOWh%2BNnSNJB3UpctGxTc86I3MCSBrXiVz86DPn9Km88FNSn5v3xaf8NPMDY9qcbEZ7uy858ojlAQOVqiBbctCXdZ%2BMhALYJByT6C7skmwlZXqqtn2xTJNzogTrE3tRy9Qz30cBWgcai%2FbqkXIiSBMxo794EqD%2BcA0RiHSvDi0262LAkcowJCH1EgqiA%3D%3D
[debug] [2024-05-31T08:40:33.313Z] >>> [apiv2][body] PUT https://storage.googleapis.com/uploads-1003702194152.us-central1.cloudfunctions.appspot.com/740ee96f-a6be-4b46-9773-2d7b2dd11bcf.zip [stream]
[debug] [2024-05-31T08:40:34.456Z] <<< [apiv2][status] PUT https://storage.googleapis.com/uploads-1003702194152.us-central1.cloudfunctions.appspot.com/740ee96f-a6be-4b46-9773-2d7b2dd11bcf.zip 200
[debug] [2024-05-31T08:40:34.456Z] <<< [apiv2][body] PUT https://storage.googleapis.com/uploads-1003702194152.us-central1.cloudfunctions.appspot.com/740ee96f-a6be-4b46-9773-2d7b2dd11bcf.zip [omitted]
[info] +  functions: troodbdm_web (web) folder uploaded successfully 
[info] 
The following functions are found in your project but do not exist in your local source code:
	sendNotification(us-central1)

If you are renaming a function or changing its region, it is recommended that you create the new function first before deleting the old one to prevent event loss. For more info, visit https://firebase.google.com/docs/functions/manage-functions#modify

[info] i  functions: creating Node.js 18 (1st Gen) function bot(us-central1)... 
[debug] [2024-05-31T08:41:58.284Z] >>> [apiv2][query] POST https://cloudfunctions.googleapis.com/v1/projects/troodbdm/locations/us-central1/functions [none]
[debug] [2024-05-31T08:41:58.284Z] >>> [apiv2][body] POST https://cloudfunctions.googleapis.com/v1/projects/troodbdm/locations/us-central1/functions {"name":"projects/troodbdm/locations/us-central1/functions/bot","sourceUploadUrl":"https://storage.googleapis.com/uploads-1003702194152.us-central1.cloudfunctions.appspot.com/740ee96f-a6be-4b46-9773-2d7b2dd11bcf.zip?GoogleAccessId=service-76284643143@gcf-admin-robot.iam.gserviceaccount.com&Expires=1717146634&Signature=I4eG6H4S641HBnAHBGw9r8LMMg4uXXyoJiQHH0cn7st8A2%2FkhYrhR6FYNCTqjqWrKkvtLUt9phQHXvSZReuo1H%2BWn08McfYygHoXvS89xWVK5T27qWo%2BTiD4T%2FjpPg6K34RsFzQ39Z9VS4AIjQwLeIXiCJ%2FJOWh%2BNnSNJB3UpctGxTc86I3MCSBrXiVz86DPn9Km88FNSn5v3xaf8NPMDY9qcbEZ7uy858ojlAQOVqiBbctCXdZ%2BMhALYJByT6C7skmwlZXqqtn2xTJNzogTrE3tRy9Qz30cBWgcai%2FbqkXIiSBMxo794EqD%2BcA0RiHSvDi0262LAkcowJCH1EgqiA%3D%3D","entryPoint":"bot","runtime":"nodejs18","dockerRegistry":"ARTIFACT_REGISTRY","labels":{"deployment-tool":"cli-firebase","firebase-functions-hash":"0288b13e0815aefef548200a85f40c0dbeb434da"},"httpsTrigger":{"securityLevel":"SECURE_ALWAYS"},"minInstances":null,"maxInstances":null,"ingressSettings":null,"environmentVariables":{"FIREBASE_CONFIG":"{\"projectId\":\"troodbdm\",\"databaseURL\":\"https://troodbdm-default-rtdb.firebaseio.com\",\"storageBucket\":\"troodbdm.appspot.com\",\"locationId\":\"us-central\"}","GCLOUD_PROJECT":"troodbdm","EVENTARC_CLOUD_EVENT_SOURCE":"projects/troodbdm/locations/us-central1/functions/bot"},"serviceAccountEmail":null,"availableMemoryMb":null,"timeout":null,"vpcConnector":null,"vpcConnectorEgressSettings":null,"buildEnvironmentVariables":{"GOOGLE_NODE_RUN_SCRIPTS":""}}
[debug] [2024-05-31T08:41:59.076Z] <<< [apiv2][status] POST https://cloudfunctions.googleapis.com/v1/projects/troodbdm/locations/us-central1/functions 200
[debug] [2024-05-31T08:41:59.076Z] <<< [apiv2][body] POST https://cloudfunctions.googleapis.com/v1/projects/troodbdm/locations/us-central1/functions {"name":"operations/dHJvb2RiZG0vdXMtY2VudHJhbDEvYm90L25xUFhhMzhZdlhz","metadata":{"@type":"type.googleapis.com/google.cloud.functions.v1.OperationMetadataV1","target":"projects/troodbdm/locations/us-central1/functions/bot","type":"CREATE_FUNCTION","request":{"@type":"type.googleapis.com/google.cloud.functions.v1.CloudFunction","name":"projects/troodbdm/locations/us-central1/functions/bot","httpsTrigger":{"securityLevel":"SECURE_ALWAYS"},"entryPoint":"bot","labels":{"deployment-tool":"cli-firebase","firebase-functions-hash":"0288b13e0815aefef548200a85f40c0dbeb434da"},"sourceUploadUrl":"https://storage.googleapis.com/uploads-1003702194152.us-central1.cloudfunctions.appspot.com/740ee96f-a6be-4b46-9773-2d7b2dd11bcf.zip?GoogleAccessId=service-76284643143@gcf-admin-robot.iam.gserviceaccount.com&Expires=1717146634&Signature=I4eG6H4S641HBnAHBGw9r8LMMg4uXXyoJiQHH0cn7st8A2%2FkhYrhR6FYNCTqjqWrKkvtLUt9phQHXvSZReuo1H%2BWn08McfYygHoXvS89xWVK5T27qWo%2BTiD4T%2FjpPg6K34RsFzQ39Z9VS4AIjQwLeIXiCJ%2FJOWh%2BNnSNJB3UpctGxTc86I3MCSBrXiVz86DPn9Km88FNSn5v3xaf8NPMDY9qcbEZ7uy858ojlAQOVqiBbctCXdZ%2BMhALYJByT6C7skmwlZXqqtn2xTJNzogTrE3tRy9Qz30cBWgcai%2FbqkXIiSBMxo794EqD%2BcA0RiHSvDi0262LAkcowJCH1EgqiA%3D%3D","environmentVariables":{"FIREBASE_CONFIG":"{\"projectId\":\"troodbdm\",\"databaseURL\":\"https://troodbdm-default-rtdb.firebaseio.com\",\"storageBucket\":\"troodbdm.appspot.com\",\"locationId\":\"us-central\"}","GCLOUD_PROJECT":"troodbdm","EVENTARC_CLOUD_EVENT_SOURCE":"projects/troodbdm/locations/us-central1/functions/bot"},"runtime":"nodejs18","buildEnvironmentVariables":{"GOOGLE_NODE_RUN_SCRIPTS":""},"dockerRegistry":"ARTIFACT_REGISTRY"},"versionId":"1","updateTime":"2024-05-31T08:42:00Z"}}
[debug] [2024-05-31T08:41:59.077Z] >>> [apiv2][query] GET https://cloudfunctions.googleapis.com/v1/operations/dHJvb2RiZG0vdXMtY2VudHJhbDEvYm90L25xUFhhMzhZdlhz [none]
[debug] [2024-05-31T08:41:59.365Z] <<< [apiv2][status] GET https://cloudfunctions.googleapis.com/v1/operations/dHJvb2RiZG0vdXMtY2VudHJhbDEvYm90L25xUFhhMzhZdlhz 200
[debug] [2024-05-31T08:41:59.365Z] <<< [apiv2][body] GET https://cloudfunctions.googleapis.com/v1/operations/dHJvb2RiZG0vdXMtY2VudHJhbDEvYm90L25xUFhhMzhZdlhz {"name":"operations/dHJvb2RiZG0vdXMtY2VudHJhbDEvYm90L25xUFhhMzhZdlhz","metadata":{"@type":"type.googleapis.com/google.cloud.functions.v1.OperationMetadataV1","target":"projects/troodbdm/locations/us-central1/functions/bot","type":"CREATE_FUNCTION","request":{"@type":"type.googleapis.com/google.cloud.functions.v1.CloudFunction","name":"projects/troodbdm/locations/us-central1/functions/bot","httpsTrigger":{"securityLevel":"SECURE_ALWAYS"},"entryPoint":"bot","labels":{"deployment-tool":"cli-firebase","firebase-functions-hash":"0288b13e0815aefef548200a85f40c0dbeb434da"},"sourceUploadUrl":"https://storage.googleapis.com/uploads-1003702194152.us-central1.cloudfunctions.appspot.com/740ee96f-a6be-4b46-9773-2d7b2dd11bcf.zip?GoogleAccessId=service-76284643143@gcf-admin-robot.iam.gserviceaccount.com&Expires=1717146634&Signature=I4eG6H4S641HBnAHBGw9r8LMMg4uXXyoJiQHH0cn7st8A2%2FkhYrhR6FYNCTqjqWrKkvtLUt9phQHXvSZReuo1H%2BWn08McfYygHoXvS89xWVK5T27qWo%2BTiD4T%2FjpPg6K34RsFzQ39Z9VS4AIjQwLeIXiCJ%2FJOWh%2BNnSNJB3UpctGxTc86I3MCSBrXiVz86DPn9Km88FNSn5v3xaf8NPMDY9qcbEZ7uy858ojlAQOVqiBbctCXdZ%2BMhALYJByT6C7skmwlZXqqtn2xTJNzogTrE3tRy9Qz30cBWgcai%2FbqkXIiSBMxo794EqD%2BcA0RiHSvDi0262LAkcowJCH1EgqiA%3D%3D","environmentVariables":{"FIREBASE_CONFIG":"{\"projectId\":\"troodbdm\",\"databaseURL\":\"https://troodbdm-default-rtdb.firebaseio.com\",\"storageBucket\":\"troodbdm.appspot.com\",\"locationId\":\"us-central\"}","GCLOUD_PROJECT":"troodbdm","EVENTARC_CLOUD_EVENT_SOURCE":"projects/troodbdm/locations/us-central1/functions/bot"},"runtime":"nodejs18","buildEnvironmentVariables":{"GOOGLE_NODE_RUN_SCRIPTS":""},"dockerRegistry":"ARTIFACT_REGISTRY"},"versionId":"1","updateTime":"2024-05-31T08:42:00Z"}}
[debug] [2024-05-31T08:41:59.870Z] [create-default-us-central1-bot] Retrying task index 0
[debug] [2024-05-31T08:41:59.870Z] >>> [apiv2][query] GET https://cloudfunctions.googleapis.com/v1/operations/dHJvb2RiZG0vdXMtY2VudHJhbDEvYm90L25xUFhhMzhZdlhz [none]
[debug] [2024-05-31T08:42:00.138Z] <<< [apiv2][status] GET https://cloudfunctions.googleapis.com/v1/operations/dHJvb2RiZG0vdXMtY2VudHJhbDEvYm90L25xUFhhMzhZdlhz 200
[debug] [2024-05-31T08:42:00.138Z] <<< [apiv2][body] GET https://cloudfunctions.googleapis.com/v1/operations/dHJvb2RiZG0vdXMtY2VudHJhbDEvYm90L25xUFhhMzhZdlhz {"name":"operations/dHJvb2RiZG0vdXMtY2VudHJhbDEvYm90L25xUFhhMzhZdlhz","metadata":{"@type":"type.googleapis.com/google.cloud.functions.v1.OperationMetadataV1","target":"projects/troodbdm/locations/us-central1/functions/bot","type":"CREATE_FUNCTION","request":{"@type":"type.googleapis.com/google.cloud.functions.v1.CloudFunction","name":"projects/troodbdm/locations/us-central1/functions/bot","httpsTrigger":{"securityLevel":"SECURE_ALWAYS"},"entryPoint":"bot","labels":{"deployment-tool":"cli-firebase","firebase-functions-hash":"0288b13e0815aefef548200a85f40c0dbeb434da"},"sourceUploadUrl":"https://storage.googleapis.com/uploads-1003702194152.us-central1.cloudfunctions.appspot.com/740ee96f-a6be-4b46-9773-2d7b2dd11bcf.zip?GoogleAccessId=service-76284643143@gcf-admin-robot.iam.gserviceaccount.com&Expires=1717146634&Signature=I4eG6H4S641HBnAHBGw9r8LMMg4uXXyoJiQHH0cn7st8A2%2FkhYrhR6FYNCTqjqWrKkvtLUt9phQHXvSZReuo1H%2BWn08McfYygHoXvS89xWVK5T27qWo%2BTiD4T%2FjpPg6K34RsFzQ39Z9VS4AIjQwLeIXiCJ%2FJOWh%2BNnSNJB3UpctGxTc86I3MCSBrXiVz86DPn9Km88FNSn5v3xaf8NPMDY9qcbEZ7uy858ojlAQOVqiBbctCXdZ%2BMhALYJByT6C7skmwlZXqqtn2xTJNzogTrE3tRy9Qz30cBWgcai%2FbqkXIiSBMxo794EqD%2BcA0RiHSvDi0262LAkcowJCH1EgqiA%3D%3D","environmentVariables":{"FIREBASE_CONFIG":"{\"projectId\":\"troodbdm\",\"databaseURL\":\"https://troodbdm-default-rtdb.firebaseio.com\",\"storageBucket\":\"troodbdm.appspot.com\",\"locationId\":\"us-central\"}","GCLOUD_PROJECT":"troodbdm","EVENTARC_CLOUD_EVENT_SOURCE":"projects/troodbdm/locations/us-central1/functions/bot"},"runtime":"nodejs18","buildEnvironmentVariables":{"GOOGLE_NODE_RUN_SCRIPTS":""},"dockerRegistry":"ARTIFACT_REGISTRY"},"versionId":"1","updateTime":"2024-05-31T08:42:00Z","buildId":"4fe4c3b4-0498-49d2-9fe3-dff0547a98b7","buildName":"projects/76284643143/locations/us-central1/builds/4fe4c3b4-0498-49d2-9fe3-dff0547a98b7"}}
[debug] [2024-05-31T08:42:01.143Z] [create-default-us-central1-bot] Retrying task index 0
[debug] [2024-05-31T08:42:01.144Z] >>> [apiv2][query] GET https://cloudfunctions.googleapis.com/v1/operations/dHJvb2RiZG0vdXMtY2VudHJhbDEvYm90L25xUFhhMzhZdlhz [none]
[debug] [2024-05-31T08:42:01.347Z] <<< [apiv2][status] GET https://cloudfunctions.googleapis.com/v1/operations/dHJvb2RiZG0vdXMtY2VudHJhbDEvYm90L25xUFhhMzhZdlhz 200
[debug] [2024-05-31T08:42:01.347Z] <<< [apiv2][body] GET https://cloudfunctions.googleapis.com/v1/operations/dHJvb2RiZG0vdXMtY2VudHJhbDEvYm90L25xUFhhMzhZdlhz {"name":"operations/dHJvb2RiZG0vdXMtY2VudHJhbDEvYm90L25xUFhhMzhZdlhz","metadata":{"@type":"type.googleapis.com/google.cloud.functions.v1.OperationMetadataV1","target":"projects/troodbdm/locations/us-central1/functions/bot","type":"CREATE_FUNCTION","request":{"@type":"type.googleapis.com/google.cloud.functions.v1.CloudFunction","name":"projects/troodbdm/locations/us-central1/functions/bot","httpsTrigger":{"securityLevel":"SECURE_ALWAYS"},"entryPoint":"bot","labels":{"deployment-tool":"cli-firebase","firebase-functions-hash":"0288b13e0815aefef548200a85f40c0dbeb434da"},"sourceUploadUrl":"https://storage.googleapis.com/uploads-1003702194152.us-central1.cloudfunctions.appspot.com/740ee96f-a6be-4b46-9773-2d7b2dd11bcf.zip?GoogleAccessId=service-76284643143@gcf-admin-robot.iam.gserviceaccount.com&Expires=1717146634&Signature=I4eG6H4S641HBnAHBGw9r8LMMg4uXXyoJiQHH0cn7st8A2%2FkhYrhR6FYNCTqjqWrKkvtLUt9phQHXvSZReuo1H%2BWn08McfYygHoXvS89xWVK5T27qWo%2BTiD4T%2FjpPg6K34RsFzQ39Z9VS4AIjQwLeIXiCJ%2FJOWh%2BNnSNJB3UpctGxTc86I3MCSBrXiVz86DPn9Km88FNSn5v3xaf8NPMDY9qcbEZ7uy858ojlAQOVqiBbctCXdZ%2BMhALYJByT6C7skmwlZXqqtn2xTJNzogTrE3tRy9Qz30cBWgcai%2FbqkXIiSBMxo794EqD%2BcA0RiHSvDi0262LAkcowJCH1EgqiA%3D%3D","environmentVariables":{"FIREBASE_CONFIG":"{\"projectId\":\"troodbdm\",\"databaseURL\":\"https://troodbdm-default-rtdb.firebaseio.com\",\"storageBucket\":\"troodbdm.appspot.com\",\"locationId\":\"us-central\"}","GCLOUD_PROJECT":"troodbdm","EVENTARC_CLOUD_EVENT_SOURCE":"projects/troodbdm/locations/us-central1/functions/bot"},"runtime":"nodejs18","buildEnvironmentVariables":{"GOOGLE_NODE_RUN_SCRIPTS":""},"dockerRegistry":"ARTIFACT_REGISTRY"},"versionId":"1","updateTime":"2024-05-31T08:42:00Z","buildId":"4fe4c3b4-0498-49d2-9fe3-dff0547a98b7","buildName":"projects/76284643143/locations/us-central1/builds/4fe4c3b4-0498-49d2-9fe3-dff0547a98b7"}}
[debug] [2024-05-31T08:42:03.355Z] [create-default-us-central1-bot] Retrying task index 0
[debug] [2024-05-31T08:42:03.356Z] >>> [apiv2][query] GET https://cloudfunctions.googleapis.com/v1/operations/dHJvb2RiZG0vdXMtY2VudHJhbDEvYm90L25xUFhhMzhZdlhz [none]
[debug] [2024-05-31T08:42:03.552Z] <<< [apiv2][status] GET https://cloudfunctions.googleapis.com/v1/operations/dHJvb2RiZG0vdXMtY2VudHJhbDEvYm90L25xUFhhMzhZdlhz 200
[debug] [2024-05-31T08:42:03.552Z] <<< [apiv2][body] GET https://cloudfunctions.googleapis.com/v1/operations/dHJvb2RiZG0vdXMtY2VudHJhbDEvYm90L25xUFhhMzhZdlhz {"name":"operations/dHJvb2RiZG0vdXMtY2VudHJhbDEvYm90L25xUFhhMzhZdlhz","metadata":{"@type":"type.googleapis.com/google.cloud.functions.v1.OperationMetadataV1","target":"projects/troodbdm/locations/us-central1/functions/bot","type":"CREATE_FUNCTION","request":{"@type":"type.googleapis.com/google.cloud.functions.v1.CloudFunction","name":"projects/troodbdm/locations/us-central1/functions/bot","httpsTrigger":{"securityLevel":"SECURE_ALWAYS"},"entryPoint":"bot","labels":{"deployment-tool":"cli-firebase","firebase-functions-hash":"0288b13e0815aefef548200a85f40c0dbeb434da"},"sourceUploadUrl":"https://storage.googleapis.com/uploads-1003702194152.us-central1.cloudfunctions.appspot.com/740ee96f-a6be-4b46-9773-2d7b2dd11bcf.zip?GoogleAccessId=service-76284643143@gcf-admin-robot.iam.gserviceaccount.com&Expires=1717146634&Signature=I4eG6H4S641HBnAHBGw9r8LMMg4uXXyoJiQHH0cn7st8A2%2FkhYrhR6FYNCTqjqWrKkvtLUt9phQHXvSZReuo1H%2BWn08McfYygHoXvS89xWVK5T27qWo%2BTiD4T%2FjpPg6K34RsFzQ39Z9VS4AIjQwLeIXiCJ%2FJOWh%2BNnSNJB3UpctGxTc86I3MCSBrXiVz86DPn9Km88FNSn5v3xaf8NPMDY9qcbEZ7uy858ojlAQOVqiBbctCXdZ%2BMhALYJByT6C7skmwlZXqqtn2xTJNzogTrE3tRy9Qz30cBWgcai%2FbqkXIiSBMxo794EqD%2BcA0RiHSvDi0262LAkcowJCH1EgqiA%3D%3D","environmentVariables":{"FIREBASE_CONFIG":"{\"projectId\":\"troodbdm\",\"databaseURL\":\"https://troodbdm-default-rtdb.firebaseio.com\",\"storageBucket\":\"troodbdm.appspot.com\",\"locationId\":\"us-central\"}","GCLOUD_PROJECT":"troodbdm","EVENTARC_CLOUD_EVENT_SOURCE":"projects/troodbdm/locations/us-central1/functions/bot"},"runtime":"nodejs18","buildEnvironmentVariables":{"GOOGLE_NODE_RUN_SCRIPTS":""},"dockerRegistry":"ARTIFACT_REGISTRY"},"versionId":"1","updateTime":"2024-05-31T08:42:00Z","buildId":"4fe4c3b4-0498-49d2-9fe3-dff0547a98b7","buildName":"projects/76284643143/locations/us-central1/builds/4fe4c3b4-0498-49d2-9fe3-dff0547a98b7"}}
[debug] [2024-05-31T08:42:07.556Z] [create-default-us-central1-bot] Retrying task index 0
[debug] [2024-05-31T08:42:07.557Z] >>> [apiv2][query] GET https://cloudfunctions.googleapis.com/v1/operations/dHJvb2RiZG0vdXMtY2VudHJhbDEvYm90L25xUFhhMzhZdlhz [none]
[debug] [2024-05-31T08:42:07.755Z] <<< [apiv2][status] GET https://cloudfunctions.googleapis.com/v1/operations/dHJvb2RiZG0vdXMtY2VudHJhbDEvYm90L25xUFhhMzhZdlhz 200
[debug] [2024-05-31T08:42:07.755Z] <<< [apiv2][body] GET https://cloudfunctions.googleapis.com/v1/operations/dHJvb2RiZG0vdXMtY2VudHJhbDEvYm90L25xUFhhMzhZdlhz {"name":"operations/dHJvb2RiZG0vdXMtY2VudHJhbDEvYm90L25xUFhhMzhZdlhz","metadata":{"@type":"type.googleapis.com/google.cloud.functions.v1.OperationMetadataV1","target":"projects/troodbdm/locations/us-central1/functions/bot","type":"CREATE_FUNCTION","request":{"@type":"type.googleapis.com/google.cloud.functions.v1.CloudFunction","name":"projects/troodbdm/locations/us-central1/functions/bot","httpsTrigger":{"securityLevel":"SECURE_ALWAYS"},"entryPoint":"bot","labels":{"deployment-tool":"cli-firebase","firebase-functions-hash":"0288b13e0815aefef548200a85f40c0dbeb434da"},"sourceUploadUrl":"https://storage.googleapis.com/uploads-1003702194152.us-central1.cloudfunctions.appspot.com/740ee96f-a6be-4b46-9773-2d7b2dd11bcf.zip?GoogleAccessId=service-76284643143@gcf-admin-robot.iam.gserviceaccount.com&Expires=1717146634&Signature=I4eG6H4S641HBnAHBGw9r8LMMg4uXXyoJiQHH0cn7st8A2%2FkhYrhR6FYNCTqjqWrKkvtLUt9phQHXvSZReuo1H%2BWn08McfYygHoXvS89xWVK5T27qWo%2BTiD4T%2FjpPg6K34RsFzQ39Z9VS4AIjQwLeIXiCJ%2FJOWh%2BNnSNJB3UpctGxTc86I3MCSBrXiVz86DPn9Km88FNSn5v3xaf8NPMDY9qcbEZ7uy858ojlAQOVqiBbctCXdZ%2BMhALYJByT6C7skmwlZXqqtn2xTJNzogTrE3tRy9Qz30cBWgcai%2FbqkXIiSBMxo794EqD%2BcA0RiHSvDi0262LAkcowJCH1EgqiA%3D%3D","environmentVariables":{"FIREBASE_CONFIG":"{\"projectId\":\"troodbdm\",\"databaseURL\":\"https://troodbdm-default-rtdb.firebaseio.com\",\"storageBucket\":\"troodbdm.appspot.com\",\"locationId\":\"us-central\"}","GCLOUD_PROJECT":"troodbdm","EVENTARC_CLOUD_EVENT_SOURCE":"projects/troodbdm/locations/us-central1/functions/bot"},"runtime":"nodejs18","buildEnvironmentVariables":{"GOOGLE_NODE_RUN_SCRIPTS":""},"dockerRegistry":"ARTIFACT_REGISTRY"},"versionId":"1","updateTime":"2024-05-31T08:42:00Z","buildId":"4fe4c3b4-0498-49d2-9fe3-dff0547a98b7","buildName":"projects/76284643143/locations/us-central1/builds/4fe4c3b4-0498-49d2-9fe3-dff0547a98b7"}}
[debug] [2024-05-31T08:42:15.756Z] [create-default-us-central1-bot] Retrying task index 0
[debug] [2024-05-31T08:42:15.756Z] >>> [apiv2][query] GET https://cloudfunctions.googleapis.com/v1/operations/dHJvb2RiZG0vdXMtY2VudHJhbDEvYm90L25xUFhhMzhZdlhz [none]
[debug] [2024-05-31T08:42:16.011Z] <<< [apiv2][status] GET https://cloudfunctions.googleapis.com/v1/operations/dHJvb2RiZG0vdXMtY2VudHJhbDEvYm90L25xUFhhMzhZdlhz 200
[debug] [2024-05-31T08:42:16.011Z] <<< [apiv2][body] GET https://cloudfunctions.googleapis.com/v1/operations/dHJvb2RiZG0vdXMtY2VudHJhbDEvYm90L25xUFhhMzhZdlhz {"name":"operations/dHJvb2RiZG0vdXMtY2VudHJhbDEvYm90L25xUFhhMzhZdlhz","metadata":{"@type":"type.googleapis.com/google.cloud.functions.v1.OperationMetadataV1","target":"projects/troodbdm/locations/us-central1/functions/bot","type":"CREATE_FUNCTION","request":{"@type":"type.googleapis.com/google.cloud.functions.v1.CloudFunction","name":"projects/troodbdm/locations/us-central1/functions/bot","httpsTrigger":{"securityLevel":"SECURE_ALWAYS"},"entryPoint":"bot","labels":{"deployment-tool":"cli-firebase","firebase-functions-hash":"0288b13e0815aefef548200a85f40c0dbeb434da"},"sourceUploadUrl":"https://storage.googleapis.com/uploads-1003702194152.us-central1.cloudfunctions.appspot.com/740ee96f-a6be-4b46-9773-2d7b2dd11bcf.zip?GoogleAccessId=service-76284643143@gcf-admin-robot.iam.gserviceaccount.com&Expires=1717146634&Signature=I4eG6H4S641HBnAHBGw9r8LMMg4uXXyoJiQHH0cn7st8A2%2FkhYrhR6FYNCTqjqWrKkvtLUt9phQHXvSZReuo1H%2BWn08McfYygHoXvS89xWVK5T27qWo%2BTiD4T%2FjpPg6K34RsFzQ39Z9VS4AIjQwLeIXiCJ%2FJOWh%2BNnSNJB3UpctGxTc86I3MCSBrXiVz86DPn9Km88FNSn5v3xaf8NPMDY9qcbEZ7uy858ojlAQOVqiBbctCXdZ%2BMhALYJByT6C7skmwlZXqqtn2xTJNzogTrE3tRy9Qz30cBWgcai%2FbqkXIiSBMxo794EqD%2BcA0RiHSvDi0262LAkcowJCH1EgqiA%3D%3D","environmentVariables":{"FIREBASE_CONFIG":"{\"projectId\":\"troodbdm\",\"databaseURL\":\"https://troodbdm-default-rtdb.firebaseio.com\",\"storageBucket\":\"troodbdm.appspot.com\",\"locationId\":\"us-central\"}","GCLOUD_PROJECT":"troodbdm","EVENTARC_CLOUD_EVENT_SOURCE":"projects/troodbdm/locations/us-central1/functions/bot"},"runtime":"nodejs18","buildEnvironmentVariables":{"GOOGLE_NODE_RUN_SCRIPTS":""},"dockerRegistry":"ARTIFACT_REGISTRY"},"versionId":"1","updateTime":"2024-05-31T08:42:00Z","buildId":"4fe4c3b4-0498-49d2-9fe3-dff0547a98b7","buildName":"projects/76284643143/locations/us-central1/builds/4fe4c3b4-0498-49d2-9fe3-dff0547a98b7"}}
[debug] [2024-05-31T08:42:26.012Z] [create-default-us-central1-bot] Retrying task index 0
[debug] [2024-05-31T08:42:26.012Z] >>> [apiv2][query] GET https://cloudfunctions.googleapis.com/v1/operations/dHJvb2RiZG0vdXMtY2VudHJhbDEvYm90L25xUFhhMzhZdlhz [none]
[debug] [2024-05-31T08:42:26.250Z] <<< [apiv2][status] GET https://cloudfunctions.googleapis.com/v1/operations/dHJvb2RiZG0vdXMtY2VudHJhbDEvYm90L25xUFhhMzhZdlhz 200
[debug] [2024-05-31T08:42:26.250Z] <<< [apiv2][body] GET https://cloudfunctions.googleapis.com/v1/operations/dHJvb2RiZG0vdXMtY2VudHJhbDEvYm90L25xUFhhMzhZdlhz {"name":"operations/dHJvb2RiZG0vdXMtY2VudHJhbDEvYm90L25xUFhhMzhZdlhz","metadata":{"@type":"type.googleapis.com/google.cloud.functions.v1.OperationMetadataV1","target":"projects/troodbdm/locations/us-central1/functions/bot","type":"CREATE_FUNCTION","request":{"@type":"type.googleapis.com/google.cloud.functions.v1.CloudFunction","name":"projects/troodbdm/locations/us-central1/functions/bot","httpsTrigger":{"securityLevel":"SECURE_ALWAYS"},"entryPoint":"bot","labels":{"deployment-tool":"cli-firebase","firebase-functions-hash":"0288b13e0815aefef548200a85f40c0dbeb434da"},"sourceUploadUrl":"https://storage.googleapis.com/uploads-1003702194152.us-central1.cloudfunctions.appspot.com/740ee96f-a6be-4b46-9773-2d7b2dd11bcf.zip?GoogleAccessId=service-76284643143@gcf-admin-robot.iam.gserviceaccount.com&Expires=1717146634&Signature=I4eG6H4S641HBnAHBGw9r8LMMg4uXXyoJiQHH0cn7st8A2%2FkhYrhR6FYNCTqjqWrKkvtLUt9phQHXvSZReuo1H%2BWn08McfYygHoXvS89xWVK5T27qWo%2BTiD4T%2FjpPg6K34RsFzQ39Z9VS4AIjQwLeIXiCJ%2FJOWh%2BNnSNJB3UpctGxTc86I3MCSBrXiVz86DPn9Km88FNSn5v3xaf8NPMDY9qcbEZ7uy858ojlAQOVqiBbctCXdZ%2BMhALYJByT6C7skmwlZXqqtn2xTJNzogTrE3tRy9Qz30cBWgcai%2FbqkXIiSBMxo794EqD%2BcA0RiHSvDi0262LAkcowJCH1EgqiA%3D%3D","environmentVariables":{"FIREBASE_CONFIG":"{\"projectId\":\"troodbdm\",\"databaseURL\":\"https://troodbdm-default-rtdb.firebaseio.com\",\"storageBucket\":\"troodbdm.appspot.com\",\"locationId\":\"us-central\"}","GCLOUD_PROJECT":"troodbdm","EVENTARC_CLOUD_EVENT_SOURCE":"projects/troodbdm/locations/us-central1/functions/bot"},"runtime":"nodejs18","buildEnvironmentVariables":{"GOOGLE_NODE_RUN_SCRIPTS":""},"dockerRegistry":"ARTIFACT_REGISTRY"},"versionId":"1","updateTime":"2024-05-31T08:42:00Z","buildId":"4fe4c3b4-0498-49d2-9fe3-dff0547a98b7","buildName":"projects/76284643143/locations/us-central1/builds/4fe4c3b4-0498-49d2-9fe3-dff0547a98b7"}}
[debug] [2024-05-31T08:42:36.256Z] [create-default-us-central1-bot] Retrying task index 0
[debug] [2024-05-31T08:42:36.257Z] >>> [apiv2][query] GET https://cloudfunctions.googleapis.com/v1/operations/dHJvb2RiZG0vdXMtY2VudHJhbDEvYm90L25xUFhhMzhZdlhz [none]
[debug] [2024-05-31T08:42:36.507Z] <<< [apiv2][status] GET https://cloudfunctions.googleapis.com/v1/operations/dHJvb2RiZG0vdXMtY2VudHJhbDEvYm90L25xUFhhMzhZdlhz 200
[debug] [2024-05-31T08:42:36.507Z] <<< [apiv2][body] GET https://cloudfunctions.googleapis.com/v1/operations/dHJvb2RiZG0vdXMtY2VudHJhbDEvYm90L25xUFhhMzhZdlhz {"name":"operations/dHJvb2RiZG0vdXMtY2VudHJhbDEvYm90L25xUFhhMzhZdlhz","metadata":{"@type":"type.googleapis.com/google.cloud.functions.v1.OperationMetadataV1","target":"projects/troodbdm/locations/us-central1/functions/bot","type":"CREATE_FUNCTION","request":{"@type":"type.googleapis.com/google.cloud.functions.v1.CloudFunction","name":"projects/troodbdm/locations/us-central1/functions/bot","httpsTrigger":{"securityLevel":"SECURE_ALWAYS"},"entryPoint":"bot","labels":{"deployment-tool":"cli-firebase","firebase-functions-hash":"0288b13e0815aefef548200a85f40c0dbeb434da"},"sourceUploadUrl":"https://storage.googleapis.com/uploads-1003702194152.us-central1.cloudfunctions.appspot.com/740ee96f-a6be-4b46-9773-2d7b2dd11bcf.zip?GoogleAccessId=service-76284643143@gcf-admin-robot.iam.gserviceaccount.com&Expires=1717146634&Signature=I4eG6H4S641HBnAHBGw9r8LMMg4uXXyoJiQHH0cn7st8A2%2FkhYrhR6FYNCTqjqWrKkvtLUt9phQHXvSZReuo1H%2BWn08McfYygHoXvS89xWVK5T27qWo%2BTiD4T%2FjpPg6K34RsFzQ39Z9VS4AIjQwLeIXiCJ%2FJOWh%2BNnSNJB3UpctGxTc86I3MCSBrXiVz86DPn9Km88FNSn5v3xaf8NPMDY9qcbEZ7uy858ojlAQOVqiBbctCXdZ%2BMhALYJByT6C7skmwlZXqqtn2xTJNzogTrE3tRy9Qz30cBWgcai%2FbqkXIiSBMxo794EqD%2BcA0RiHSvDi0262LAkcowJCH1EgqiA%3D%3D","environmentVariables":{"FIREBASE_CONFIG":"{\"projectId\":\"troodbdm\",\"databaseURL\":\"https://troodbdm-default-rtdb.firebaseio.com\",\"storageBucket\":\"troodbdm.appspot.com\",\"locationId\":\"us-central\"}","GCLOUD_PROJECT":"troodbdm","EVENTARC_CLOUD_EVENT_SOURCE":"projects/troodbdm/locations/us-central1/functions/bot"},"runtime":"nodejs18","buildEnvironmentVariables":{"GOOGLE_NODE_RUN_SCRIPTS":""},"dockerRegistry":"ARTIFACT_REGISTRY"},"versionId":"1","updateTime":"2024-05-31T08:42:00Z","buildId":"4fe4c3b4-0498-49d2-9fe3-dff0547a98b7","buildName":"projects/76284643143/locations/us-central1/builds/4fe4c3b4-0498-49d2-9fe3-dff0547a98b7"}}
[debug] [2024-05-31T08:42:46.509Z] [create-default-us-central1-bot] Retrying task index 0
[debug] [2024-05-31T08:42:46.510Z] >>> [apiv2][query] GET https://cloudfunctions.googleapis.com/v1/operations/dHJvb2RiZG0vdXMtY2VudHJhbDEvYm90L25xUFhhMzhZdlhz [none]
[debug] [2024-05-31T08:42:46.861Z] <<< [apiv2][status] GET https://cloudfunctions.googleapis.com/v1/operations/dHJvb2RiZG0vdXMtY2VudHJhbDEvYm90L25xUFhhMzhZdlhz 200
[debug] [2024-05-31T08:42:46.861Z] <<< [apiv2][body] GET https://cloudfunctions.googleapis.com/v1/operations/dHJvb2RiZG0vdXMtY2VudHJhbDEvYm90L25xUFhhMzhZdlhz {"name":"operations/dHJvb2RiZG0vdXMtY2VudHJhbDEvYm90L25xUFhhMzhZdlhz","metadata":{"@type":"type.googleapis.com/google.cloud.functions.v1.OperationMetadataV1","target":"projects/troodbdm/locations/us-central1/functions/bot","type":"CREATE_FUNCTION","request":{"@type":"type.googleapis.com/google.cloud.functions.v1.CloudFunction","name":"projects/troodbdm/locations/us-central1/functions/bot","httpsTrigger":{"securityLevel":"SECURE_ALWAYS"},"entryPoint":"bot","labels":{"deployment-tool":"cli-firebase","firebase-functions-hash":"0288b13e0815aefef548200a85f40c0dbeb434da"},"sourceUploadUrl":"https://storage.googleapis.com/uploads-1003702194152.us-central1.cloudfunctions.appspot.com/740ee96f-a6be-4b46-9773-2d7b2dd11bcf.zip?GoogleAccessId=service-76284643143@gcf-admin-robot.iam.gserviceaccount.com&Expires=1717146634&Signature=I4eG6H4S641HBnAHBGw9r8LMMg4uXXyoJiQHH0cn7st8A2%2FkhYrhR6FYNCTqjqWrKkvtLUt9phQHXvSZReuo1H%2BWn08McfYygHoXvS89xWVK5T27qWo%2BTiD4T%2FjpPg6K34RsFzQ39Z9VS4AIjQwLeIXiCJ%2FJOWh%2BNnSNJB3UpctGxTc86I3MCSBrXiVz86DPn9Km88FNSn5v3xaf8NPMDY9qcbEZ7uy858ojlAQOVqiBbctCXdZ%2BMhALYJByT6C7skmwlZXqqtn2xTJNzogTrE3tRy9Qz30cBWgcai%2FbqkXIiSBMxo794EqD%2BcA0RiHSvDi0262LAkcowJCH1EgqiA%3D%3D","environmentVariables":{"FIREBASE_CONFIG":"{\"projectId\":\"troodbdm\",\"databaseURL\":\"https://troodbdm-default-rtdb.firebaseio.com\",\"storageBucket\":\"troodbdm.appspot.com\",\"locationId\":\"us-central\"}","GCLOUD_PROJECT":"troodbdm","EVENTARC_CLOUD_EVENT_SOURCE":"projects/troodbdm/locations/us-central1/functions/bot"},"runtime":"nodejs18","buildEnvironmentVariables":{"GOOGLE_NODE_RUN_SCRIPTS":""},"dockerRegistry":"ARTIFACT_REGISTRY"},"versionId":"1","updateTime":"2024-05-31T08:42:00Z","buildId":"4fe4c3b4-0498-49d2-9fe3-dff0547a98b7","buildName":"projects/76284643143/locations/us-central1/builds/4fe4c3b4-0498-49d2-9fe3-dff0547a98b7"}}
[debug] [2024-05-31T08:42:56.874Z] [create-default-us-central1-bot] Retrying task index 0
[debug] [2024-05-31T08:42:56.875Z] >>> [apiv2][query] GET https://cloudfunctions.googleapis.com/v1/operations/dHJvb2RiZG0vdXMtY2VudHJhbDEvYm90L25xUFhhMzhZdlhz [none]
[debug] [2024-05-31T08:42:57.112Z] <<< [apiv2][status] GET https://cloudfunctions.googleapis.com/v1/operations/dHJvb2RiZG0vdXMtY2VudHJhbDEvYm90L25xUFhhMzhZdlhz 200
[debug] [2024-05-31T08:42:57.112Z] <<< [apiv2][body] GET https://cloudfunctions.googleapis.com/v1/operations/dHJvb2RiZG0vdXMtY2VudHJhbDEvYm90L25xUFhhMzhZdlhz {"name":"operations/dHJvb2RiZG0vdXMtY2VudHJhbDEvYm90L25xUFhhMzhZdlhz","metadata":{"@type":"type.googleapis.com/google.cloud.functions.v1.OperationMetadataV1","target":"projects/troodbdm/locations/us-central1/functions/bot","type":"CREATE_FUNCTION","request":{"@type":"type.googleapis.com/google.cloud.functions.v1.CloudFunction","name":"projects/troodbdm/locations/us-central1/functions/bot","httpsTrigger":{"securityLevel":"SECURE_ALWAYS"},"entryPoint":"bot","labels":{"deployment-tool":"cli-firebase","firebase-functions-hash":"0288b13e0815aefef548200a85f40c0dbeb434da"},"sourceUploadUrl":"https://storage.googleapis.com/uploads-1003702194152.us-central1.cloudfunctions.appspot.com/740ee96f-a6be-4b46-9773-2d7b2dd11bcf.zip?GoogleAccessId=service-76284643143@gcf-admin-robot.iam.gserviceaccount.com&Expires=1717146634&Signature=I4eG6H4S641HBnAHBGw9r8LMMg4uXXyoJiQHH0cn7st8A2%2FkhYrhR6FYNCTqjqWrKkvtLUt9phQHXvSZReuo1H%2BWn08McfYygHoXvS89xWVK5T27qWo%2BTiD4T%2FjpPg6K34RsFzQ39Z9VS4AIjQwLeIXiCJ%2FJOWh%2BNnSNJB3UpctGxTc86I3MCSBrXiVz86DPn9Km88FNSn5v3xaf8NPMDY9qcbEZ7uy858ojlAQOVqiBbctCXdZ%2BMhALYJByT6C7skmwlZXqqtn2xTJNzogTrE3tRy9Qz30cBWgcai%2FbqkXIiSBMxo794EqD%2BcA0RiHSvDi0262LAkcowJCH1EgqiA%3D%3D","environmentVariables":{"FIREBASE_CONFIG":"{\"projectId\":\"troodbdm\",\"databaseURL\":\"https://troodbdm-default-rtdb.firebaseio.com\",\"storageBucket\":\"troodbdm.appspot.com\",\"locationId\":\"us-central\"}","GCLOUD_PROJECT":"troodbdm","EVENTARC_CLOUD_EVENT_SOURCE":"projects/troodbdm/locations/us-central1/functions/bot"},"runtime":"nodejs18","buildEnvironmentVariables":{"GOOGLE_NODE_RUN_SCRIPTS":""},"dockerRegistry":"ARTIFACT_REGISTRY"},"versionId":"1","updateTime":"2024-05-31T08:42:00Z","buildId":"4fe4c3b4-0498-49d2-9fe3-dff0547a98b7","sourceToken":"bbad8a6e-7944-4285-abd7-86fe44b70775","buildName":"projects/76284643143/locations/us-central1/builds/4fe4c3b4-0498-49d2-9fe3-dff0547a98b7"}}
[debug] [2024-05-31T08:42:57.112Z] Got source token bbad8a6e-7944-4285-abd7-86fe44b70775 for region us-central1
[debug] [2024-05-31T08:43:07.113Z] [create-default-us-central1-bot] Retrying task index 0
[debug] [2024-05-31T08:43:07.114Z] >>> [apiv2][query] GET https://cloudfunctions.googleapis.com/v1/operations/dHJvb2RiZG0vdXMtY2VudHJhbDEvYm90L25xUFhhMzhZdlhz [none]
[debug] [2024-05-31T08:43:07.338Z] <<< [apiv2][status] GET https://cloudfunctions.googleapis.com/v1/operations/dHJvb2RiZG0vdXMtY2VudHJhbDEvYm90L25xUFhhMzhZdlhz 200
[debug] [2024-05-31T08:43:07.339Z] <<< [apiv2][body] GET https://cloudfunctions.googleapis.com/v1/operations/dHJvb2RiZG0vdXMtY2VudHJhbDEvYm90L25xUFhhMzhZdlhz {"name":"operations/dHJvb2RiZG0vdXMtY2VudHJhbDEvYm90L25xUFhhMzhZdlhz","metadata":{"@type":"type.googleapis.com/google.cloud.functions.v1.OperationMetadataV1","target":"projects/troodbdm/locations/us-central1/functions/bot","type":"CREATE_FUNCTION","request":{"@type":"type.googleapis.com/google.cloud.functions.v1.CloudFunction","name":"projects/troodbdm/locations/us-central1/functions/bot","httpsTrigger":{"securityLevel":"SECURE_ALWAYS"},"entryPoint":"bot","labels":{"deployment-tool":"cli-firebase","firebase-functions-hash":"0288b13e0815aefef548200a85f40c0dbeb434da"},"sourceUploadUrl":"https://storage.googleapis.com/uploads-1003702194152.us-central1.cloudfunctions.appspot.com/740ee96f-a6be-4b46-9773-2d7b2dd11bcf.zip?GoogleAccessId=service-76284643143@gcf-admin-robot.iam.gserviceaccount.com&Expires=1717146634&Signature=I4eG6H4S641HBnAHBGw9r8LMMg4uXXyoJiQHH0cn7st8A2%2FkhYrhR6FYNCTqjqWrKkvtLUt9phQHXvSZReuo1H%2BWn08McfYygHoXvS89xWVK5T27qWo%2BTiD4T%2FjpPg6K34RsFzQ39Z9VS4AIjQwLeIXiCJ%2FJOWh%2BNnSNJB3UpctGxTc86I3MCSBrXiVz86DPn9Km88FNSn5v3xaf8NPMDY9qcbEZ7uy858ojlAQOVqiBbctCXdZ%2BMhALYJByT6C7skmwlZXqqtn2xTJNzogTrE3tRy9Qz30cBWgcai%2FbqkXIiSBMxo794EqD%2BcA0RiHSvDi0262LAkcowJCH1EgqiA%3D%3D","environmentVariables":{"FIREBASE_CONFIG":"{\"projectId\":\"troodbdm\",\"databaseURL\":\"https://troodbdm-default-rtdb.firebaseio.com\",\"storageBucket\":\"troodbdm.appspot.com\",\"locationId\":\"us-central\"}","GCLOUD_PROJECT":"troodbdm","EVENTARC_CLOUD_EVENT_SOURCE":"projects/troodbdm/locations/us-central1/functions/bot"},"runtime":"nodejs18","buildEnvironmentVariables":{"GOOGLE_NODE_RUN_SCRIPTS":""},"dockerRegistry":"ARTIFACT_REGISTRY"},"versionId":"1","updateTime":"2024-05-31T08:43:06Z","buildId":"4fe4c3b4-0498-49d2-9fe3-dff0547a98b7","sourceToken":"bbad8a6e-7944-4285-abd7-86fe44b70775","buildName":"projects/76284643143/locations/us-central1/builds/4fe4c3b4-0498-49d2-9fe3-dff0547a98b7"},"done":true,"error":{"code":3,"message":"Function failed on loading user code. This is likely due to a bug in the user code. Error message: Provided module can't be loaded.\nDid you list all required modules in the package.json dependencies?\nDetailed stack trace: Error: Cannot find module 'node-telegram-bot-api'\nRequire stack:\n- /workspace/index.js\n- /layers/google.nodejs.functions-framework/functions-framework/node_modules/@google-cloud/functions-framework/build/src/loader.js\n- /layers/google.nodejs.functions-framework/functions-framework/node_modules/@google-cloud/functions-framework/build/src/main.js\n    at Module._resolveFilename (node:internal/modules/cjs/loader:1140:15)\n    at Module._load (node:internal/modules/cjs/loader:981:27)\n    at Module.require (node:internal/modules/cjs/loader:1231:19)\n    at require (node:internal/modules/helpers:177:18)\n    at Object.<anonymous> (/workspace/index.js:2:21)\n    at Module._compile (node:internal/modules/cjs/loader:1364:14)\n    at Module._extensions..js (node:internal/modules/cjs/loader:1422:10)\n    at Module.load (node:internal/modules/cjs/loader:1203:32)\n    at Module._load (node:internal/modules/cjs/loader:1019:12)\n    at Module.require (node:internal/modules/cjs/loader:1231:19)\nCould not load the function, shutting down.. Please visit https://cloud.google.com/functions/docs/troubleshooting for in-depth troubleshooting documentation."}}
[debug] [2024-05-31T08:43:07.339Z] Got source token bbad8a6e-7944-4285-abd7-86fe44b70775 for region us-central1
[error] Function failed on loading user code. This is likely due to a bug in the user code. Error message: Provided module can't be loaded.
Did you list all required modules in the package.json dependencies?
Detailed stack trace: Error: Cannot find module 'node-telegram-bot-api'
Require stack:
- /workspace/index.js
- /layers/google.nodejs.functions-framework/functions-framework/node_modules/@google-cloud/functions-framework/build/src/loader.js
- /layers/google.nodejs.functions-framework/functions-framework/node_modules/@google-cloud/functions-framework/build/src/main.js
    at Module._resolveFilename (node:internal/modules/cjs/loader:1140:15)
    at Module._load (node:internal/modules/cjs/loader:981:27)
    at Module.require (node:internal/modules/cjs/loader:1231:19)
    at require (node:internal/modules/helpers:177:18)
    at Object.<anonymous> (/workspace/index.js:2:21)
    at Module._compile (node:internal/modules/cjs/loader:1364:14)
    at Module._extensions..js (node:internal/modules/cjs/loader:1422:10)
    at Module.load (node:internal/modules/cjs/loader:1203:32)
    at Module._load (node:internal/modules/cjs/loader:1019:12)
    at Module.require (node:internal/modules/cjs/loader:1231:19)
Could not load the function, shutting down.. Please visit https://cloud.google.com/functions/docs/troubleshooting for in-depth troubleshooting documentation.
[debug] [2024-05-31T08:43:07.343Z] Total Function Deployment time: 69057
[debug] [2024-05-31T08:43:07.343Z] 1 Functions Deployed
[debug] [2024-05-31T08:43:07.343Z] 1 Functions Errored
[debug] [2024-05-31T08:43:07.343Z] 0 Function Deployments Aborted
[debug] [2024-05-31T08:43:07.343Z] Average Function Deployment time: 69056
[info] 
[info] Functions deploy had errors with the following functions:
	bot(us-central1)
[debug] [2024-05-31T08:43:07.415Z] Not printing URL for HTTPS function. Typically this means it didn't match a filter or we failed deployment
[info] i  functions: cleaning up build files... 
[debug] [2024-05-31T08:43:07.417Z] >>> [apiv2][query] DELETE https://artifactregistry.googleapis.com/v1beta2/projects/troodbdm/locations/us-central1/repositories/gcf-artifacts/packages/bot [none]
[debug] [2024-05-31T08:43:07.417Z] >>> [apiv2][query] GET https://us.gcr.io/v2/troodbdm/gcf/us-central1/tags/list [none]
[debug] [2024-05-31T08:43:07.647Z] <<< [apiv2][status] GET https://us.gcr.io/v2/troodbdm/gcf/us-central1/tags/list 200
[debug] [2024-05-31T08:43:07.647Z] <<< [apiv2][body] GET https://us.gcr.io/v2/troodbdm/gcf/us-central1/tags/list {"child":[],"manifest":{},"name":"troodbdm/gcf/us-central1","tags":[]}
[debug] [2024-05-31T08:43:07.647Z] Could not find image for function projects/troodbdm/locations/us-central1/functions/bot
[debug] [2024-05-31T08:43:08.169Z] <<< [apiv2][status] DELETE https://artifactregistry.googleapis.com/v1beta2/projects/troodbdm/locations/us-central1/repositories/gcf-artifacts/packages/bot 200
[debug] [2024-05-31T08:43:08.170Z] <<< [apiv2][body] DELETE https://artifactregistry.googleapis.com/v1beta2/projects/troodbdm/locations/us-central1/repositories/gcf-artifacts/packages/bot {"name":"projects/troodbdm/locations/us-central1/operations/33874876-7074-4462-af52-88f17ab59ff4","metadata":{"@type":"type.googleapis.com/google.devtools.artifactregistry.v1beta2.OperationMetadata"}}
[debug] [2024-05-31T08:43:08.170Z] >>> [apiv2][query] GET https://artifactregistry.googleapis.com/v1beta2/projects/troodbdm/locations/us-central1/operations/33874876-7074-4462-af52-88f17ab59ff4 [none]
[debug] [2024-05-31T08:43:08.966Z] <<< [apiv2][status] GET https://artifactregistry.googleapis.com/v1beta2/projects/troodbdm/locations/us-central1/operations/33874876-7074-4462-af52-88f17ab59ff4 200
[debug] [2024-05-31T08:43:08.967Z] <<< [apiv2][body] GET https://artifactregistry.googleapis.com/v1beta2/projects/troodbdm/locations/us-central1/operations/33874876-7074-4462-af52-88f17ab59ff4 {"name":"projects/troodbdm/locations/us-central1/operations/33874876-7074-4462-af52-88f17ab59ff4","metadata":{"@type":"type.googleapis.com/google.devtools.artifactregistry.v1beta2.OperationMetadata"},"done":true,"response":{"@type":"type.googleapis.com/google.protobuf.Empty"}}
[debug] [2024-05-31T08:43:08.967Z] Functions deploy failed.
[debug] [2024-05-31T08:43:08.967Z] {
  "endpoint": {
    "id": "bot",
    "project": "troodbdm",
    "region": "us-central1",
    "entryPoint": "bot",
    "platform": "gcfv1",
    "runtime": "nodejs18",
    "httpsTrigger": {},
    "ingressSettings": null,
    "availableMemoryMb": null,
    "serviceAccount": null,
    "timeoutSeconds": null,
    "maxInstances": null,
    "minInstances": null,
    "vpc": null,
    "environmentVariables": {
      "FIREBASE_CONFIG": "{\"projectId\":\"troodbdm\",\"databaseURL\":\"https://troodbdm-default-rtdb.firebaseio.com\",\"storageBucket\":\"troodbdm.appspot.com\",\"locationId\":\"us-central\"}",
      "GCLOUD_PROJECT": "troodbdm",
      "EVENTARC_CLOUD_EVENT_SOURCE": "projects/troodbdm/locations/us-central1/functions/bot"
    },
    "codebase": "default",
    "targetedByOnly": false,
    "hash": "0288b13e0815aefef548200a85f40c0dbeb434da",
    "labels": {
      "deployment-tool": "cli-firebase"
    }
  },
  "op": "create",
  "original": {
    "name": "FirebaseError",
    "children": [],
    "exit": 1,
    "message": "Function failed on loading user code. This is likely due to a bug in the user code. Error message: Provided module can't be loaded.\nDid you list all required modules in the package.json dependencies?\nDetailed stack trace: Error: Cannot find module 'node-telegram-bot-api'\nRequire stack:\n- /workspace/index.js\n- /layers/google.nodejs.functions-framework/functions-framework/node_modules/@google-cloud/functions-framework/build/src/loader.js\n- /layers/google.nodejs.functions-framework/functions-framework/node_modules/@google-cloud/functions-framework/build/src/main.js\n    at Module._resolveFilename (node:internal/modules/cjs/loader:1140:15)\n    at Module._load (node:internal/modules/cjs/loader:981:27)\n    at Module.require (node:internal/modules/cjs/loader:1231:19)\n    at require (node:internal/modules/helpers:177:18)\n    at Object.<anonymous> (/workspace/index.js:2:21)\n    at Module._compile (node:internal/modules/cjs/loader:1364:14)\n    at Module._extensions..js (node:internal/modules/cjs/loader:1422:10)\n    at Module.load (node:internal/modules/cjs/loader:1203:32)\n    at Module._load (node:internal/modules/cjs/loader:1019:12)\n    at Module.require (node:internal/modules/cjs/loader:1231:19)\nCould not load the function, shutting down.. Please visit https://cloud.google.com/functions/docs/troubleshooting for in-depth troubleshooting documentation.",
    "original": {
      "code": 3,
      "message": "Function failed on loading user code. This is likely due to a bug in the user code. Error message: Provided module can't be loaded.\nDid you list all required modules in the package.json dependencies?\nDetailed stack trace: Error: Cannot find module 'node-telegram-bot-api'\nRequire stack:\n- /workspace/index.js\n- /layers/google.nodejs.functions-framework/functions-framework/node_modules/@google-cloud/functions-framework/build/src/loader.js\n- /layers/google.nodejs.functions-framework/functions-framework/node_modules/@google-cloud/functions-framework/build/src/main.js\n    at Module._resolveFilename (node:internal/modules/cjs/loader:1140:15)\n    at Module._load (node:internal/modules/cjs/loader:981:27)\n    at Module.require (node:internal/modules/cjs/loader:1231:19)\n    at require (node:internal/modules/helpers:177:18)\n    at Object.<anonymous> (/workspace/index.js:2:21)\n    at Module._compile (node:internal/modules/cjs/loader:1364:14)\n    at Module._extensions..js (node:internal/modules/cjs/loader:1422:10)\n    at Module.load (node:internal/modules/cjs/loader:1203:32)\n    at Module._load (node:internal/modules/cjs/loader:1019:12)\n    at Module.require (node:internal/modules/cjs/loader:1231:19)\nCould not load the function, shutting down.. Please visit https://cloud.google.com/functions/docs/troubleshooting for in-depth troubleshooting documentation."
    },
    "status": 3,
    "code": 3
  }
}
[debug] [2024-05-31T08:43:08.993Z] Error: Failed to create function bot in region us-central1
    at C:\Users\User\AppData\Roaming\npm\node_modules\firebase-tools\lib\deploy\functions\release\fabricator.js:52:11
    at process.processTicksAndRejections (node:internal/process/task_queues:95:5)
    at async Fabricator.createV1Function (C:\Users\User\AppData\Roaming\npm\node_modules\firebase-tools\lib\deploy\functions\release\fabricator.js:182:32)
    at async Fabricator.createEndpoint (C:\Users\User\AppData\Roaming\npm\node_modules\firebase-tools\lib\deploy\functions\release\fabricator.js:134:13)
    at async handle (C:\Users\User\AppData\Roaming\npm\node_modules\firebase-tools\lib\deploy\functions\release\fabricator.js:89:17)
[error] 
[error] Error: There was an error deploying functions
